CRITICAL - 2025-08-04 14:55:40 --> ErrorException: Undefined variable $datos
[Method: GET, Route: empleados]
in APPPATH\Views\empleados.php on line 30.
 1 APPPATH\Views\empleados.php(30): CodeIgniter\Debug\Exceptions->errorHandler(2, 'Undefined variable $datos', 'C:\\xampp\\htdocs\\fs2025\\repaso0408\\repaso\\app\\Views\\empleados.php', 30)
 2 SYSTEMPATH\View\View.php(226): include('C:\\xampp\\htdocs\\fs2025\\repaso0408\\repaso\\app\\Views\\empleados.php')
 3 SYSTEMPATH\View\View.php(229): CodeIgniter\View\View->CodeIgniter\View\{closure}()
 4 SYSTEMPATH\Common.php(1167): CodeIgniter\View\View->render('empleados', [], true)
 5 APPPATH\Controllers\EmpleadoController.php(12): view('empleados', [...])
 6 SYSTEMPATH\CodeIgniter.php(933): App\Controllers\EmpleadoController->index()
 7 SYSTEMPATH\CodeIgniter.php(507): CodeIgniter\CodeIgniter->runController(Object(App\Controllers\EmpleadoController))
 8 SYSTEMPATH\CodeIgniter.php(354): CodeIgniter\CodeIgniter->handleRequest(null, Object(Config\Cache), false)
 9 SYSTEMPATH\Boot.php(363): CodeIgniter\CodeIgniter->run()
10 SYSTEMPATH\Boot.php(68): CodeIgniter\Boot::runCodeIgniter(Object(CodeIgniter\CodeIgniter))
11 FCPATH\index.php(59): CodeIgniter\Boot::bootWeb(Object(Config\Paths))
CRITICAL - 2025-08-04 14:59:49 --> ErrorException: Undefined variable $datos
[Method: GET, Route: empleados]
in APPPATH\Views\empleados.php on line 30.
 1 APPPATH\Views\empleados.php(30): CodeIgniter\Debug\Exceptions->errorHandler(2, 'Undefined variable $datos', 'C:\\xampp\\htdocs\\fs2025\\repaso0408\\repaso\\app\\Views\\empleados.php', 30)
 2 SYSTEMPATH\View\View.php(226): include('C:\\xampp\\htdocs\\fs2025\\repaso0408\\repaso\\app\\Views\\empleados.php')
 3 SYSTEMPATH\View\View.php(229): CodeIgniter\View\View->CodeIgniter\View\{closure}()
 4 SYSTEMPATH\Common.php(1167): CodeIgniter\View\View->render('empleados', [], true)
 5 APPPATH\Controllers\EmpleadoController.php(12): view('empleados', [...])
 6 SYSTEMPATH\CodeIgniter.php(933): App\Controllers\EmpleadoController->index()
 7 SYSTEMPATH\CodeIgniter.php(507): CodeIgniter\CodeIgniter->runController(Object(App\Controllers\EmpleadoController))
 8 SYSTEMPATH\CodeIgniter.php(354): CodeIgniter\CodeIgniter->handleRequest(null, Object(Config\Cache), false)
 9 SYSTEMPATH\Boot.php(363): CodeIgniter\CodeIgniter->run()
10 SYSTEMPATH\Boot.php(68): CodeIgniter\Boot::runCodeIgniter(Object(CodeIgniter\CodeIgniter))
11 FCPATH\index.php(59): CodeIgniter\Boot::bootWeb(Object(Config\Paths))
CRITICAL - 2025-08-04 15:00:16 --> ErrorException: Undefined variable $datos
[Method: GET, Route: empleados]
in APPPATH\Views\empleados.php on line 30.
 1 APPPATH\Views\empleados.php(30): CodeIgniter\Debug\Exceptions->errorHandler(2, 'Undefined variable $datos', 'C:\\xampp\\htdocs\\fs2025\\repaso0408\\repaso\\app\\Views\\empleados.php', 30)
 2 SYSTEMPATH\View\View.php(226): include('C:\\xampp\\htdocs\\fs2025\\repaso0408\\repaso\\app\\Views\\empleados.php')
 3 SYSTEMPATH\View\View.php(229): CodeIgniter\View\View->CodeIgniter\View\{closure}()
 4 SYSTEMPATH\Common.php(1167): CodeIgniter\View\View->render('empleados', [], true)
 5 APPPATH\Controllers\EmpleadoController.php(12): view('empleados', [...])
 6 SYSTEMPATH\CodeIgniter.php(933): App\Controllers\EmpleadoController->index()
 7 SYSTEMPATH\CodeIgniter.php(507): CodeIgniter\CodeIgniter->runController(Object(App\Controllers\EmpleadoController))
 8 SYSTEMPATH\CodeIgniter.php(354): CodeIgniter\CodeIgniter->handleRequest(null, Object(Config\Cache), false)
 9 SYSTEMPATH\Boot.php(363): CodeIgniter\CodeIgniter->run()
10 SYSTEMPATH\Boot.php(68): CodeIgniter\Boot::runCodeIgniter(Object(CodeIgniter\CodeIgniter))
11 FCPATH\index.php(59): CodeIgniter\Boot::bootWeb(Object(Config\Paths))
CRITICAL - 2025-08-04 15:00:17 --> ErrorException: Undefined variable $datos
[Method: GET, Route: empleados]
in APPPATH\Views\empleados.php on line 30.
 1 APPPATH\Views\empleados.php(30): CodeIgniter\Debug\Exceptions->errorHandler(2, 'Undefined variable $datos', 'C:\\xampp\\htdocs\\fs2025\\repaso0408\\repaso\\app\\Views\\empleados.php', 30)
 2 SYSTEMPATH\View\View.php(226): include('C:\\xampp\\htdocs\\fs2025\\repaso0408\\repaso\\app\\Views\\empleados.php')
 3 SYSTEMPATH\View\View.php(229): CodeIgniter\View\View->CodeIgniter\View\{closure}()
 4 SYSTEMPATH\Common.php(1167): CodeIgniter\View\View->render('empleados', [], true)
 5 APPPATH\Controllers\EmpleadoController.php(12): view('empleados', [...])
 6 SYSTEMPATH\CodeIgniter.php(933): App\Controllers\EmpleadoController->index()
 7 SYSTEMPATH\CodeIgniter.php(507): CodeIgniter\CodeIgniter->runController(Object(App\Controllers\EmpleadoController))
 8 SYSTEMPATH\CodeIgniter.php(354): CodeIgniter\CodeIgniter->handleRequest(null, Object(Config\Cache), false)
 9 SYSTEMPATH\Boot.php(363): CodeIgniter\CodeIgniter->run()
10 SYSTEMPATH\Boot.php(68): CodeIgniter\Boot::runCodeIgniter(Object(CodeIgniter\CodeIgniter))
11 FCPATH\index.php(59): CodeIgniter\Boot::bootWeb(Object(Config\Paths))
CRITICAL - 2025-08-04 15:00:17 --> ErrorException: Undefined variable $datos
[Method: GET, Route: empleados]
in APPPATH\Views\empleados.php on line 30.
 1 APPPATH\Views\empleados.php(30): CodeIgniter\Debug\Exceptions->errorHandler(2, 'Undefined variable $datos', 'C:\\xampp\\htdocs\\fs2025\\repaso0408\\repaso\\app\\Views\\empleados.php', 30)
 2 SYSTEMPATH\View\View.php(226): include('C:\\xampp\\htdocs\\fs2025\\repaso0408\\repaso\\app\\Views\\empleados.php')
 3 SYSTEMPATH\View\View.php(229): CodeIgniter\View\View->CodeIgniter\View\{closure}()
 4 SYSTEMPATH\Common.php(1167): CodeIgniter\View\View->render('empleados', [], true)
 5 APPPATH\Controllers\EmpleadoController.php(12): view('empleados', [...])
 6 SYSTEMPATH\CodeIgniter.php(933): App\Controllers\EmpleadoController->index()
 7 SYSTEMPATH\CodeIgniter.php(507): CodeIgniter\CodeIgniter->runController(Object(App\Controllers\EmpleadoController))
 8 SYSTEMPATH\CodeIgniter.php(354): CodeIgniter\CodeIgniter->handleRequest(null, Object(Config\Cache), false)
 9 SYSTEMPATH\Boot.php(363): CodeIgniter\CodeIgniter->run()
10 SYSTEMPATH\Boot.php(68): CodeIgniter\Boot::runCodeIgniter(Object(CodeIgniter\CodeIgniter))
11 FCPATH\index.php(59): CodeIgniter\Boot::bootWeb(Object(Config\Paths))
CRITICAL - 2025-08-04 15:00:17 --> ErrorException: Undefined variable $datos
[Method: GET, Route: empleados]
in APPPATH\Views\empleados.php on line 30.
 1 APPPATH\Views\empleados.php(30): CodeIgniter\Debug\Exceptions->errorHandler(2, 'Undefined variable $datos', 'C:\\xampp\\htdocs\\fs2025\\repaso0408\\repaso\\app\\Views\\empleados.php', 30)
 2 SYSTEMPATH\View\View.php(226): include('C:\\xampp\\htdocs\\fs2025\\repaso0408\\repaso\\app\\Views\\empleados.php')
 3 SYSTEMPATH\View\View.php(229): CodeIgniter\View\View->CodeIgniter\View\{closure}()
 4 SYSTEMPATH\Common.php(1167): CodeIgniter\View\View->render('empleados', [], true)
 5 APPPATH\Controllers\EmpleadoController.php(12): view('empleados', [...])
 6 SYSTEMPATH\CodeIgniter.php(933): App\Controllers\EmpleadoController->index()
 7 SYSTEMPATH\CodeIgniter.php(507): CodeIgniter\CodeIgniter->runController(Object(App\Controllers\EmpleadoController))
 8 SYSTEMPATH\CodeIgniter.php(354): CodeIgniter\CodeIgniter->handleRequest(null, Object(Config\Cache), false)
 9 SYSTEMPATH\Boot.php(363): CodeIgniter\CodeIgniter->run()
10 SYSTEMPATH\Boot.php(68): CodeIgniter\Boot::runCodeIgniter(Object(CodeIgniter\CodeIgniter))
11 FCPATH\index.php(59): CodeIgniter\Boot::bootWeb(Object(Config\Paths))
CRITICAL - 2025-08-04 15:00:17 --> ErrorException: Undefined variable $datos
[Method: GET, Route: empleados]
in APPPATH\Views\empleados.php on line 30.
 1 APPPATH\Views\empleados.php(30): CodeIgniter\Debug\Exceptions->errorHandler(2, 'Undefined variable $datos', 'C:\\xampp\\htdocs\\fs2025\\repaso0408\\repaso\\app\\Views\\empleados.php', 30)
 2 SYSTEMPATH\View\View.php(226): include('C:\\xampp\\htdocs\\fs2025\\repaso0408\\repaso\\app\\Views\\empleados.php')
 3 SYSTEMPATH\View\View.php(229): CodeIgniter\View\View->CodeIgniter\View\{closure}()
 4 SYSTEMPATH\Common.php(1167): CodeIgniter\View\View->render('empleados', [], true)
 5 APPPATH\Controllers\EmpleadoController.php(12): view('empleados', [...])
 6 SYSTEMPATH\CodeIgniter.php(933): App\Controllers\EmpleadoController->index()
 7 SYSTEMPATH\CodeIgniter.php(507): CodeIgniter\CodeIgniter->runController(Object(App\Controllers\EmpleadoController))
 8 SYSTEMPATH\CodeIgniter.php(354): CodeIgniter\CodeIgniter->handleRequest(null, Object(Config\Cache), false)
 9 SYSTEMPATH\Boot.php(363): CodeIgniter\CodeIgniter->run()
10 SYSTEMPATH\Boot.php(68): CodeIgniter\Boot::runCodeIgniter(Object(CodeIgniter\CodeIgniter))
11 FCPATH\index.php(59): CodeIgniter\Boot::bootWeb(Object(Config\Paths))
CRITICAL - 2025-08-04 15:00:18 --> ErrorException: Undefined variable $datos
[Method: GET, Route: empleados]
in APPPATH\Views\empleados.php on line 30.
 1 APPPATH\Views\empleados.php(30): CodeIgniter\Debug\Exceptions->errorHandler(2, 'Undefined variable $datos', 'C:\\xampp\\htdocs\\fs2025\\repaso0408\\repaso\\app\\Views\\empleados.php', 30)
 2 SYSTEMPATH\View\View.php(226): include('C:\\xampp\\htdocs\\fs2025\\repaso0408\\repaso\\app\\Views\\empleados.php')
 3 SYSTEMPATH\View\View.php(229): CodeIgniter\View\View->CodeIgniter\View\{closure}()
 4 SYSTEMPATH\Common.php(1167): CodeIgniter\View\View->render('empleados', [], true)
 5 APPPATH\Controllers\EmpleadoController.php(12): view('empleados', [...])
 6 SYSTEMPATH\CodeIgniter.php(933): App\Controllers\EmpleadoController->index()
 7 SYSTEMPATH\CodeIgniter.php(507): CodeIgniter\CodeIgniter->runController(Object(App\Controllers\EmpleadoController))
 8 SYSTEMPATH\CodeIgniter.php(354): CodeIgniter\CodeIgniter->handleRequest(null, Object(Config\Cache), false)
 9 SYSTEMPATH\Boot.php(363): CodeIgniter\CodeIgniter->run()
10 SYSTEMPATH\Boot.php(68): CodeIgniter\Boot::runCodeIgniter(Object(CodeIgniter\CodeIgniter))
11 FCPATH\index.php(59): CodeIgniter\Boot::bootWeb(Object(Config\Paths))
CRITICAL - 2025-08-04 15:00:18 --> ErrorException: Undefined variable $datos
[Method: GET, Route: empleados]
in APPPATH\Views\empleados.php on line 30.
 1 APPPATH\Views\empleados.php(30): CodeIgniter\Debug\Exceptions->errorHandler(2, 'Undefined variable $datos', 'C:\\xampp\\htdocs\\fs2025\\repaso0408\\repaso\\app\\Views\\empleados.php', 30)
 2 SYSTEMPATH\View\View.php(226): include('C:\\xampp\\htdocs\\fs2025\\repaso0408\\repaso\\app\\Views\\empleados.php')
 3 SYSTEMPATH\View\View.php(229): CodeIgniter\View\View->CodeIgniter\View\{closure}()
 4 SYSTEMPATH\Common.php(1167): CodeIgniter\View\View->render('empleados', [], true)
 5 APPPATH\Controllers\EmpleadoController.php(12): view('empleados', [...])
 6 SYSTEMPATH\CodeIgniter.php(933): App\Controllers\EmpleadoController->index()
 7 SYSTEMPATH\CodeIgniter.php(507): CodeIgniter\CodeIgniter->runController(Object(App\Controllers\EmpleadoController))
 8 SYSTEMPATH\CodeIgniter.php(354): CodeIgniter\CodeIgniter->handleRequest(null, Object(Config\Cache), false)
 9 SYSTEMPATH\Boot.php(363): CodeIgniter\CodeIgniter->run()
10 SYSTEMPATH\Boot.php(68): CodeIgniter\Boot::runCodeIgniter(Object(CodeIgniter\CodeIgniter))
11 FCPATH\index.php(59): CodeIgniter\Boot::bootWeb(Object(Config\Paths))
CRITICAL - 2025-08-04 15:00:18 --> ErrorException: Undefined variable $datos
[Method: GET, Route: empleados]
in APPPATH\Views\empleados.php on line 30.
 1 APPPATH\Views\empleados.php(30): CodeIgniter\Debug\Exceptions->errorHandler(2, 'Undefined variable $datos', 'C:\\xampp\\htdocs\\fs2025\\repaso0408\\repaso\\app\\Views\\empleados.php', 30)
 2 SYSTEMPATH\View\View.php(226): include('C:\\xampp\\htdocs\\fs2025\\repaso0408\\repaso\\app\\Views\\empleados.php')
 3 SYSTEMPATH\View\View.php(229): CodeIgniter\View\View->CodeIgniter\View\{closure}()
 4 SYSTEMPATH\Common.php(1167): CodeIgniter\View\View->render('empleados', [], true)
 5 APPPATH\Controllers\EmpleadoController.php(12): view('empleados', [...])
 6 SYSTEMPATH\CodeIgniter.php(933): App\Controllers\EmpleadoController->index()
 7 SYSTEMPATH\CodeIgniter.php(507): CodeIgniter\CodeIgniter->runController(Object(App\Controllers\EmpleadoController))
 8 SYSTEMPATH\CodeIgniter.php(354): CodeIgniter\CodeIgniter->handleRequest(null, Object(Config\Cache), false)
 9 SYSTEMPATH\Boot.php(363): CodeIgniter\CodeIgniter->run()
10 SYSTEMPATH\Boot.php(68): CodeIgniter\Boot::runCodeIgniter(Object(CodeIgniter\CodeIgniter))
11 FCPATH\index.php(59): CodeIgniter\Boot::bootWeb(Object(Config\Paths))
CRITICAL - 2025-08-04 15:00:18 --> ErrorException: Undefined variable $datos
[Method: GET, Route: empleados]
in APPPATH\Views\empleados.php on line 30.
 1 APPPATH\Views\empleados.php(30): CodeIgniter\Debug\Exceptions->errorHandler(2, 'Undefined variable $datos', 'C:\\xampp\\htdocs\\fs2025\\repaso0408\\repaso\\app\\Views\\empleados.php', 30)
 2 SYSTEMPATH\View\View.php(226): include('C:\\xampp\\htdocs\\fs2025\\repaso0408\\repaso\\app\\Views\\empleados.php')
 3 SYSTEMPATH\View\View.php(229): CodeIgniter\View\View->CodeIgniter\View\{closure}()
 4 SYSTEMPATH\Common.php(1167): CodeIgniter\View\View->render('empleados', [], true)
 5 APPPATH\Controllers\EmpleadoController.php(12): view('empleados', [...])
 6 SYSTEMPATH\CodeIgniter.php(933): App\Controllers\EmpleadoController->index()
 7 SYSTEMPATH\CodeIgniter.php(507): CodeIgniter\CodeIgniter->runController(Object(App\Controllers\EmpleadoController))
 8 SYSTEMPATH\CodeIgniter.php(354): CodeIgniter\CodeIgniter->handleRequest(null, Object(Config\Cache), false)
 9 SYSTEMPATH\Boot.php(363): CodeIgniter\CodeIgniter->run()
10 SYSTEMPATH\Boot.php(68): CodeIgniter\Boot::runCodeIgniter(Object(CodeIgniter\CodeIgniter))
11 FCPATH\index.php(59): CodeIgniter\Boot::bootWeb(Object(Config\Paths))
CRITICAL - 2025-08-04 15:03:22 --> ErrorException: Undefined variable $datos
[Method: GET, Route: empleados]
in APPPATH\Views\empleados.php on line 31.
 1 APPPATH\Views\empleados.php(31): CodeIgniter\Debug\Exceptions->errorHandler(2, 'Undefined variable $datos', 'C:\\xampp\\htdocs\\fs2025\\repaso0408\\repaso\\app\\Views\\empleados.php', 31)
 2 SYSTEMPATH\View\View.php(226): include('C:\\xampp\\htdocs\\fs2025\\repaso0408\\repaso\\app\\Views\\empleados.php')
 3 SYSTEMPATH\View\View.php(229): CodeIgniter\View\View->CodeIgniter\View\{closure}()
 4 SYSTEMPATH\Common.php(1167): CodeIgniter\View\View->render('empleados', [], true)
 5 APPPATH\Controllers\EmpleadoController.php(12): view('empleados', [...])
 6 SYSTEMPATH\CodeIgniter.php(933): App\Controllers\EmpleadoController->index()
 7 SYSTEMPATH\CodeIgniter.php(507): CodeIgniter\CodeIgniter->runController(Object(App\Controllers\EmpleadoController))
 8 SYSTEMPATH\CodeIgniter.php(354): CodeIgniter\CodeIgniter->handleRequest(null, Object(Config\Cache), false)
 9 SYSTEMPATH\Boot.php(363): CodeIgniter\CodeIgniter->run()
10 SYSTEMPATH\Boot.php(68): CodeIgniter\Boot::runCodeIgniter(Object(CodeIgniter\CodeIgniter))
11 FCPATH\index.php(59): CodeIgniter\Boot::bootWeb(Object(Config\Paths))
CRITICAL - 2025-08-04 15:14:07 --> ErrorException: Undefined variable $datos
[Method: GET, Route: empleados]
in APPPATH\Views\empleados.php on line 33.
 1 APPPATH\Views\empleados.php(33): CodeIgniter\Debug\Exceptions->errorHandler(2, 'Undefined variable $datos', 'C:\\xampp\\htdocs\\fs2025\\repaso0408\\repaso\\app\\Views\\empleados.php', 33)
 2 SYSTEMPATH\View\View.php(226): include('C:\\xampp\\htdocs\\fs2025\\repaso0408\\repaso\\app\\Views\\empleados.php')
 3 SYSTEMPATH\View\View.php(229): CodeIgniter\View\View->CodeIgniter\View\{closure}()
 4 SYSTEMPATH\Common.php(1167): CodeIgniter\View\View->render('empleados', [], true)
 5 APPPATH\Controllers\EmpleadoController.php(12): view('empleados', [...])
 6 SYSTEMPATH\CodeIgniter.php(933): App\Controllers\EmpleadoController->index()
 7 SYSTEMPATH\CodeIgniter.php(507): CodeIgniter\CodeIgniter->runController(Object(App\Controllers\EmpleadoController))
 8 SYSTEMPATH\CodeIgniter.php(354): CodeIgniter\CodeIgniter->handleRequest(null, Object(Config\Cache), false)
 9 SYSTEMPATH\Boot.php(363): CodeIgniter\CodeIgniter->run()
10 SYSTEMPATH\Boot.php(68): CodeIgniter\Boot::runCodeIgniter(Object(CodeIgniter\CodeIgniter))
11 FCPATH\index.php(59): CodeIgniter\Boot::bootWeb(Object(Config\Paths))
CRITICAL - 2025-08-04 15:14:50 --> ErrorException: Undefined variable $datos
[Method: GET, Route: empleados]
in APPPATH\Views\empleados.php on line 33.
 1 APPPATH\Views\empleados.php(33): CodeIgniter\Debug\Exceptions->errorHandler(2, 'Undefined variable $datos', 'C:\\xampp\\htdocs\\fs2025\\repaso0408\\repaso\\app\\Views\\empleados.php', 33)
 2 SYSTEMPATH\View\View.php(226): include('C:\\xampp\\htdocs\\fs2025\\repaso0408\\repaso\\app\\Views\\empleados.php')
 3 SYSTEMPATH\View\View.php(229): CodeIgniter\View\View->CodeIgniter\View\{closure}()
 4 SYSTEMPATH\Common.php(1167): CodeIgniter\View\View->render('empleados', [], true)
 5 APPPATH\Controllers\EmpleadoController.php(12): view('empleados', [...])
 6 SYSTEMPATH\CodeIgniter.php(933): App\Controllers\EmpleadoController->index()
 7 SYSTEMPATH\CodeIgniter.php(507): CodeIgniter\CodeIgniter->runController(Object(App\Controllers\EmpleadoController))
 8 SYSTEMPATH\CodeIgniter.php(354): CodeIgniter\CodeIgniter->handleRequest(null, Object(Config\Cache), false)
 9 SYSTEMPATH\Boot.php(363): CodeIgniter\CodeIgniter->run()
10 SYSTEMPATH\Boot.php(68): CodeIgniter\Boot::runCodeIgniter(Object(CodeIgniter\CodeIgniter))
11 FCPATH\index.php(59): CodeIgniter\Boot::bootWeb(Object(Config\Paths))
CRITICAL - 2025-08-04 15:17:15 --> ErrorException: Undefined variable $datos
[Method: GET, Route: empleados]
in APPPATH\Views\empleados.php on line 32.
 1 APPPATH\Views\empleados.php(32): CodeIgniter\Debug\Exceptions->errorHandler(2, 'Undefined variable $datos', 'C:\\xampp\\htdocs\\fs2025\\repaso0408\\repaso\\app\\Views\\empleados.php', 32)
 2 SYSTEMPATH\View\View.php(226): include('C:\\xampp\\htdocs\\fs2025\\repaso0408\\repaso\\app\\Views\\empleados.php')
 3 SYSTEMPATH\View\View.php(229): CodeIgniter\View\View->CodeIgniter\View\{closure}()
 4 SYSTEMPATH\Common.php(1167): CodeIgniter\View\View->render('empleados', [], true)
 5 APPPATH\Controllers\EmpleadoController.php(12): view('empleados', [...])
 6 SYSTEMPATH\CodeIgniter.php(933): App\Controllers\EmpleadoController->index()
 7 SYSTEMPATH\CodeIgniter.php(507): CodeIgniter\CodeIgniter->runController(Object(App\Controllers\EmpleadoController))
 8 SYSTEMPATH\CodeIgniter.php(354): CodeIgniter\CodeIgniter->handleRequest(null, Object(Config\Cache), false)
 9 SYSTEMPATH\Boot.php(363): CodeIgniter\CodeIgniter->run()
10 SYSTEMPATH\Boot.php(68): CodeIgniter\Boot::runCodeIgniter(Object(CodeIgniter\CodeIgniter))
11 FCPATH\index.php(59): CodeIgniter\Boot::bootWeb(Object(Config\Paths))
CRITICAL - 2025-08-04 15:17:15 --> ErrorException: Undefined variable $datos
[Method: GET, Route: empleados]
in APPPATH\Views\empleados.php on line 32.
 1 APPPATH\Views\empleados.php(32): CodeIgniter\Debug\Exceptions->errorHandler(2, 'Undefined variable $datos', 'C:\\xampp\\htdocs\\fs2025\\repaso0408\\repaso\\app\\Views\\empleados.php', 32)
 2 SYSTEMPATH\View\View.php(226): include('C:\\xampp\\htdocs\\fs2025\\repaso0408\\repaso\\app\\Views\\empleados.php')
 3 SYSTEMPATH\View\View.php(229): CodeIgniter\View\View->CodeIgniter\View\{closure}()
 4 SYSTEMPATH\Common.php(1167): CodeIgniter\View\View->render('empleados', [], true)
 5 APPPATH\Controllers\EmpleadoController.php(12): view('empleados', [...])
 6 SYSTEMPATH\CodeIgniter.php(933): App\Controllers\EmpleadoController->index()
 7 SYSTEMPATH\CodeIgniter.php(507): CodeIgniter\CodeIgniter->runController(Object(App\Controllers\EmpleadoController))
 8 SYSTEMPATH\CodeIgniter.php(354): CodeIgniter\CodeIgniter->handleRequest(null, Object(Config\Cache), false)
 9 SYSTEMPATH\Boot.php(363): CodeIgniter\CodeIgniter->run()
10 SYSTEMPATH\Boot.php(68): CodeIgniter\Boot::runCodeIgniter(Object(CodeIgniter\CodeIgniter))
11 FCPATH\index.php(59): CodeIgniter\Boot::bootWeb(Object(Config\Paths))
CRITICAL - 2025-08-04 15:17:16 --> ErrorException: Undefined variable $datos
[Method: GET, Route: empleados]
in APPPATH\Views\empleados.php on line 32.
 1 APPPATH\Views\empleados.php(32): CodeIgniter\Debug\Exceptions->errorHandler(2, 'Undefined variable $datos', 'C:\\xampp\\htdocs\\fs2025\\repaso0408\\repaso\\app\\Views\\empleados.php', 32)
 2 SYSTEMPATH\View\View.php(226): include('C:\\xampp\\htdocs\\fs2025\\repaso0408\\repaso\\app\\Views\\empleados.php')
 3 SYSTEMPATH\View\View.php(229): CodeIgniter\View\View->CodeIgniter\View\{closure}()
 4 SYSTEMPATH\Common.php(1167): CodeIgniter\View\View->render('empleados', [], true)
 5 APPPATH\Controllers\EmpleadoController.php(12): view('empleados', [...])
 6 SYSTEMPATH\CodeIgniter.php(933): App\Controllers\EmpleadoController->index()
 7 SYSTEMPATH\CodeIgniter.php(507): CodeIgniter\CodeIgniter->runController(Object(App\Controllers\EmpleadoController))
 8 SYSTEMPATH\CodeIgniter.php(354): CodeIgniter\CodeIgniter->handleRequest(null, Object(Config\Cache), false)
 9 SYSTEMPATH\Boot.php(363): CodeIgniter\CodeIgniter->run()
10 SYSTEMPATH\Boot.php(68): CodeIgniter\Boot::runCodeIgniter(Object(CodeIgniter\CodeIgniter))
11 FCPATH\index.php(59): CodeIgniter\Boot::bootWeb(Object(Config\Paths))
CRITICAL - 2025-08-04 15:24:21 --> ErrorException: preg_match(): Compilation failed: unmatched closing parenthesis at offset 26
[Method: GET, Route: eliminar_empleado/%201]
in SYSTEMPATH\Router\Router.php on line 436.
 1 [internal function]: CodeIgniter\Debug\Exceptions->errorHandler(2, 'preg_match(): Compilation failed: unmatched closing parenthesis at offset 26', 'C:\\xampp\\htdocs\\fs2025\\repaso0408\\repaso\\system\\Router\\Router.php', 436)
 2 SYSTEMPATH\Router\Router.php(436): preg_match('#^eliminar_empleado\\([0-9]+)$#u', 'eliminar_empleado/ 1', [])
 3 SYSTEMPATH\Router\Router.php(213): CodeIgniter\Router\Router->checkRoutes('eliminar_empleado/ 1')
 4 SYSTEMPATH\CodeIgniter.php(832): CodeIgniter\Router\Router->handle('eliminar_empleado/ 1')
 5 SYSTEMPATH\CodeIgniter.php(455): CodeIgniter\CodeIgniter->tryToRouteIt(Object(CodeIgniter\Router\RouteCollection))
 6 SYSTEMPATH\CodeIgniter.php(354): CodeIgniter\CodeIgniter->handleRequest(null, Object(Config\Cache), false)
 7 SYSTEMPATH\Boot.php(363): CodeIgniter\CodeIgniter->run()
 8 SYSTEMPATH\Boot.php(68): CodeIgniter\Boot::runCodeIgniter(Object(CodeIgniter\CodeIgniter))
 9 FCPATH\index.php(59): CodeIgniter\Boot::bootWeb(Object(Config\Paths))
CRITICAL - 2025-08-04 15:24:26 --> ErrorException: preg_match(): Compilation failed: unmatched closing parenthesis at offset 26
[Method: GET, Route: eliminar_empleado/%203]
in SYSTEMPATH\Router\Router.php on line 436.
 1 [internal function]: CodeIgniter\Debug\Exceptions->errorHandler(2, 'preg_match(): Compilation failed: unmatched closing parenthesis at offset 26', 'C:\\xampp\\htdocs\\fs2025\\repaso0408\\repaso\\system\\Router\\Router.php', 436)
 2 SYSTEMPATH\Router\Router.php(436): preg_match('#^eliminar_empleado\\([0-9]+)$#u', 'eliminar_empleado/ 3', [])
 3 SYSTEMPATH\Router\Router.php(213): CodeIgniter\Router\Router->checkRoutes('eliminar_empleado/ 3')
 4 SYSTEMPATH\CodeIgniter.php(832): CodeIgniter\Router\Router->handle('eliminar_empleado/ 3')
 5 SYSTEMPATH\CodeIgniter.php(455): CodeIgniter\CodeIgniter->tryToRouteIt(Object(CodeIgniter\Router\RouteCollection))
 6 SYSTEMPATH\CodeIgniter.php(354): CodeIgniter\CodeIgniter->handleRequest(null, Object(Config\Cache), false)
 7 SYSTEMPATH\Boot.php(363): CodeIgniter\CodeIgniter->run()
 8 SYSTEMPATH\Boot.php(68): CodeIgniter\Boot::runCodeIgniter(Object(CodeIgniter\CodeIgniter))
 9 FCPATH\index.php(59): CodeIgniter\Boot::bootWeb(Object(Config\Paths))
CRITICAL - 2025-08-04 15:24:42 --> ErrorException: preg_match(): Compilation failed: unmatched closing parenthesis at offset 26
[Method: GET, Route: eliminar_empleado/2]
in SYSTEMPATH\Router\Router.php on line 436.
 1 [internal function]: CodeIgniter\Debug\Exceptions->errorHandler(2, 'preg_match(): Compilation failed: unmatched closing parenthesis at offset 26', 'C:\\xampp\\htdocs\\fs2025\\repaso0408\\repaso\\system\\Router\\Router.php', 436)
 2 SYSTEMPATH\Router\Router.php(436): preg_match('#^eliminar_empleado\\([0-9]+)$#u', 'eliminar_empleado/2', [])
 3 SYSTEMPATH\Router\Router.php(213): CodeIgniter\Router\Router->checkRoutes('eliminar_empleado/2')
 4 SYSTEMPATH\CodeIgniter.php(832): CodeIgniter\Router\Router->handle('eliminar_empleado/2')
 5 SYSTEMPATH\CodeIgniter.php(455): CodeIgniter\CodeIgniter->tryToRouteIt(Object(CodeIgniter\Router\RouteCollection))
 6 SYSTEMPATH\CodeIgniter.php(354): CodeIgniter\CodeIgniter->handleRequest(null, Object(Config\Cache), false)
 7 SYSTEMPATH\Boot.php(363): CodeIgniter\CodeIgniter->run()
 8 SYSTEMPATH\Boot.php(68): CodeIgniter\Boot::runCodeIgniter(Object(CodeIgniter\CodeIgniter))
 9 FCPATH\index.php(59): CodeIgniter\Boot::bootWeb(Object(Config\Paths))
CRITICAL - 2025-08-04 15:24:45 --> ErrorException: preg_match(): Compilation failed: unmatched closing parenthesis at offset 26
[Method: GET, Route: eliminar_empleado/5]
in SYSTEMPATH\Router\Router.php on line 436.
 1 [internal function]: CodeIgniter\Debug\Exceptions->errorHandler(2, 'preg_match(): Compilation failed: unmatched closing parenthesis at offset 26', 'C:\\xampp\\htdocs\\fs2025\\repaso0408\\repaso\\system\\Router\\Router.php', 436)
 2 SYSTEMPATH\Router\Router.php(436): preg_match('#^eliminar_empleado\\([0-9]+)$#u', 'eliminar_empleado/5', [])
 3 SYSTEMPATH\Router\Router.php(213): CodeIgniter\Router\Router->checkRoutes('eliminar_empleado/5')
 4 SYSTEMPATH\CodeIgniter.php(832): CodeIgniter\Router\Router->handle('eliminar_empleado/5')
 5 SYSTEMPATH\CodeIgniter.php(455): CodeIgniter\CodeIgniter->tryToRouteIt(Object(CodeIgniter\Router\RouteCollection))
 6 SYSTEMPATH\CodeIgniter.php(354): CodeIgniter\CodeIgniter->handleRequest(null, Object(Config\Cache), false)
 7 SYSTEMPATH\Boot.php(363): CodeIgniter\CodeIgniter->run()
 8 SYSTEMPATH\Boot.php(68): CodeIgniter\Boot::runCodeIgniter(Object(CodeIgniter\CodeIgniter))
 9 FCPATH\index.php(59): CodeIgniter\Boot::bootWeb(Object(Config\Paths))
CRITICAL - 2025-08-04 15:25:46 --> ErrorException: preg_match(): Compilation failed: unmatched closing parenthesis at offset 26
[Method: GET, Route: eliminar_empleado/1]
in SYSTEMPATH\Router\Router.php on line 436.
 1 [internal function]: CodeIgniter\Debug\Exceptions->errorHandler(2, 'preg_match(): Compilation failed: unmatched closing parenthesis at offset 26', 'C:\\xampp\\htdocs\\fs2025\\repaso0408\\repaso\\system\\Router\\Router.php', 436)
 2 SYSTEMPATH\Router\Router.php(436): preg_match('#^eliminar_empleado\\([0-9]+)$#u', 'eliminar_empleado/1', [])
 3 SYSTEMPATH\Router\Router.php(213): CodeIgniter\Router\Router->checkRoutes('eliminar_empleado/1')
 4 SYSTEMPATH\CodeIgniter.php(832): CodeIgniter\Router\Router->handle('eliminar_empleado/1')
 5 SYSTEMPATH\CodeIgniter.php(455): CodeIgniter\CodeIgniter->tryToRouteIt(Object(CodeIgniter\Router\RouteCollection))
 6 SYSTEMPATH\CodeIgniter.php(354): CodeIgniter\CodeIgniter->handleRequest(null, Object(Config\Cache), false)
 7 SYSTEMPATH\Boot.php(363): CodeIgniter\CodeIgniter->run()
 8 SYSTEMPATH\Boot.php(68): CodeIgniter\Boot::runCodeIgniter(Object(CodeIgniter\CodeIgniter))
 9 FCPATH\index.php(59): CodeIgniter\Boot::bootWeb(Object(Config\Paths))
CRITICAL - 2025-08-04 15:39:09 --> ErrorException: preg_match(): Compilation failed: unmatched closing parenthesis at offset 26
[Method: GET, Route: eliminar_empleado/2]
in SYSTEMPATH\Router\Router.php on line 436.
 1 [internal function]: CodeIgniter\Debug\Exceptions->errorHandler(2, 'preg_match(): Compilation failed: unmatched closing parenthesis at offset 26', 'C:\\xampp\\htdocs\\fs2025\\repaso0408\\repaso\\system\\Router\\Router.php', 436)
 2 SYSTEMPATH\Router\Router.php(436): preg_match('#^eliminar_empleado\\([0-9]+)$#u', 'eliminar_empleado/2', [])
 3 SYSTEMPATH\Router\Router.php(213): CodeIgniter\Router\Router->checkRoutes('eliminar_empleado/2')
 4 SYSTEMPATH\CodeIgniter.php(832): CodeIgniter\Router\Router->handle('eliminar_empleado/2')
 5 SYSTEMPATH\CodeIgniter.php(455): CodeIgniter\CodeIgniter->tryToRouteIt(Object(CodeIgniter\Router\RouteCollection))
 6 SYSTEMPATH\CodeIgniter.php(354): CodeIgniter\CodeIgniter->handleRequest(null, Object(Config\Cache), false)
 7 SYSTEMPATH\Boot.php(363): CodeIgniter\CodeIgniter->run()
 8 SYSTEMPATH\Boot.php(68): CodeIgniter\Boot::runCodeIgniter(Object(CodeIgniter\CodeIgniter))
 9 FCPATH\index.php(59): CodeIgniter\Boot::bootWeb(Object(Config\Paths))
CRITICAL - 2025-08-04 15:39:16 --> ErrorException: preg_match(): Compilation failed: unmatched closing parenthesis at offset 26
[Method: GET, Route: eliminar_empleado/2]
in SYSTEMPATH\Router\Router.php on line 436.
 1 [internal function]: CodeIgniter\Debug\Exceptions->errorHandler(2, 'preg_match(): Compilation failed: unmatched closing parenthesis at offset 26', 'C:\\xampp\\htdocs\\fs2025\\repaso0408\\repaso\\system\\Router\\Router.php', 436)
 2 SYSTEMPATH\Router\Router.php(436): preg_match('#^eliminar_empleado\\([0-9]+)$#u', 'eliminar_empleado/2', [])
 3 SYSTEMPATH\Router\Router.php(213): CodeIgniter\Router\Router->checkRoutes('eliminar_empleado/2')
 4 SYSTEMPATH\CodeIgniter.php(832): CodeIgniter\Router\Router->handle('eliminar_empleado/2')
 5 SYSTEMPATH\CodeIgniter.php(455): CodeIgniter\CodeIgniter->tryToRouteIt(Object(CodeIgniter\Router\RouteCollection))
 6 SYSTEMPATH\CodeIgniter.php(354): CodeIgniter\CodeIgniter->handleRequest(null, Object(Config\Cache), false)
 7 SYSTEMPATH\Boot.php(363): CodeIgniter\CodeIgniter->run()
 8 SYSTEMPATH\Boot.php(68): CodeIgniter\Boot::runCodeIgniter(Object(CodeIgniter\CodeIgniter))
 9 FCPATH\index.php(59): CodeIgniter\Boot::bootWeb(Object(Config\Paths))
CRITICAL - 2025-08-04 15:39:45 --> ErrorException: preg_match(): Compilation failed: unmatched closing parenthesis at offset 26
[Method: GET, Route: eliminar_empleado/2]
in SYSTEMPATH\Router\Router.php on line 436.
 1 [internal function]: CodeIgniter\Debug\Exceptions->errorHandler(2, 'preg_match(): Compilation failed: unmatched closing parenthesis at offset 26', 'C:\\xampp\\htdocs\\fs2025\\repaso0408\\repaso\\system\\Router\\Router.php', 436)
 2 SYSTEMPATH\Router\Router.php(436): preg_match('#^eliminar_empleado\\([0-9]+)$#u', 'eliminar_empleado/2', [])
 3 SYSTEMPATH\Router\Router.php(213): CodeIgniter\Router\Router->checkRoutes('eliminar_empleado/2')
 4 SYSTEMPATH\CodeIgniter.php(832): CodeIgniter\Router\Router->handle('eliminar_empleado/2')
 5 SYSTEMPATH\CodeIgniter.php(455): CodeIgniter\CodeIgniter->tryToRouteIt(Object(CodeIgniter\Router\RouteCollection))
 6 SYSTEMPATH\CodeIgniter.php(354): CodeIgniter\CodeIgniter->handleRequest(null, Object(Config\Cache), false)
 7 SYSTEMPATH\Boot.php(363): CodeIgniter\CodeIgniter->run()
 8 SYSTEMPATH\Boot.php(68): CodeIgniter\Boot::runCodeIgniter(Object(CodeIgniter\CodeIgniter))
 9 FCPATH\index.php(59): CodeIgniter\Boot::bootWeb(Object(Config\Paths))
CRITICAL - 2025-08-04 15:39:54 --> ErrorException: preg_match(): Compilation failed: unmatched closing parenthesis at offset 26
[Method: GET, Route: eliminar_empleado/1]
in SYSTEMPATH\Router\Router.php on line 436.
 1 [internal function]: CodeIgniter\Debug\Exceptions->errorHandler(2, 'preg_match(): Compilation failed: unmatched closing parenthesis at offset 26', 'C:\\xampp\\htdocs\\fs2025\\repaso0408\\repaso\\system\\Router\\Router.php', 436)
 2 SYSTEMPATH\Router\Router.php(436): preg_match('#^eliminar_empleado\\([0-9]+)$#u', 'eliminar_empleado/1', [])
 3 SYSTEMPATH\Router\Router.php(213): CodeIgniter\Router\Router->checkRoutes('eliminar_empleado/1')
 4 SYSTEMPATH\CodeIgniter.php(832): CodeIgniter\Router\Router->handle('eliminar_empleado/1')
 5 SYSTEMPATH\CodeIgniter.php(455): CodeIgniter\CodeIgniter->tryToRouteIt(Object(CodeIgniter\Router\RouteCollection))
 6 SYSTEMPATH\CodeIgniter.php(354): CodeIgniter\CodeIgniter->handleRequest(null, Object(Config\Cache), false)
 7 SYSTEMPATH\Boot.php(363): CodeIgniter\CodeIgniter->run()
 8 SYSTEMPATH\Boot.php(68): CodeIgniter\Boot::runCodeIgniter(Object(CodeIgniter\CodeIgniter))
 9 FCPATH\index.php(59): CodeIgniter\Boot::bootWeb(Object(Config\Paths))
CRITICAL - 2025-08-04 15:41:33 --> ErrorException: preg_match(): Compilation failed: unmatched closing parenthesis at offset 26
[Method: GET, Route: eliminar_empleado/2]
in SYSTEMPATH\Router\Router.php on line 436.
 1 [internal function]: CodeIgniter\Debug\Exceptions->errorHandler(2, 'preg_match(): Compilation failed: unmatched closing parenthesis at offset 26', 'C:\\xampp\\htdocs\\fs2025\\repaso0408\\repaso\\system\\Router\\Router.php', 436)
 2 SYSTEMPATH\Router\Router.php(436): preg_match('#^eliminar_empleado\\([0-9]+)$#u', 'eliminar_empleado/2', [])
 3 SYSTEMPATH\Router\Router.php(213): CodeIgniter\Router\Router->checkRoutes('eliminar_empleado/2')
 4 SYSTEMPATH\CodeIgniter.php(832): CodeIgniter\Router\Router->handle('eliminar_empleado/2')
 5 SYSTEMPATH\CodeIgniter.php(455): CodeIgniter\CodeIgniter->tryToRouteIt(Object(CodeIgniter\Router\RouteCollection))
 6 SYSTEMPATH\CodeIgniter.php(354): CodeIgniter\CodeIgniter->handleRequest(null, Object(Config\Cache), false)
 7 SYSTEMPATH\Boot.php(363): CodeIgniter\CodeIgniter->run()
 8 SYSTEMPATH\Boot.php(68): CodeIgniter\Boot::runCodeIgniter(Object(CodeIgniter\CodeIgniter))
 9 FCPATH\index.php(59): CodeIgniter\Boot::bootWeb(Object(Config\Paths))
CRITICAL - 2025-08-04 15:42:16 --> ErrorException: preg_match(): Compilation failed: unmatched closing parenthesis at offset 26
[Method: GET, Route: eliminar_empleado/2]
in SYSTEMPATH\Router\Router.php on line 436.
 1 [internal function]: CodeIgniter\Debug\Exceptions->errorHandler(2, 'preg_match(): Compilation failed: unmatched closing parenthesis at offset 26', 'C:\\xampp\\htdocs\\fs2025\\repaso0408\\repaso\\system\\Router\\Router.php', 436)
 2 SYSTEMPATH\Router\Router.php(436): preg_match('#^eliminar_empleado\\([0-9]+)$#u', 'eliminar_empleado/2', [])
 3 SYSTEMPATH\Router\Router.php(213): CodeIgniter\Router\Router->checkRoutes('eliminar_empleado/2')
 4 SYSTEMPATH\CodeIgniter.php(832): CodeIgniter\Router\Router->handle('eliminar_empleado/2')
 5 SYSTEMPATH\CodeIgniter.php(455): CodeIgniter\CodeIgniter->tryToRouteIt(Object(CodeIgniter\Router\RouteCollection))
 6 SYSTEMPATH\CodeIgniter.php(354): CodeIgniter\CodeIgniter->handleRequest(null, Object(Config\Cache), false)
 7 SYSTEMPATH\Boot.php(363): CodeIgniter\CodeIgniter->run()
 8 SYSTEMPATH\Boot.php(68): CodeIgniter\Boot::runCodeIgniter(Object(CodeIgniter\CodeIgniter))
 9 FCPATH\index.php(59): CodeIgniter\Boot::bootWeb(Object(Config\Paths))
CRITICAL - 2025-08-04 15:42:22 --> ErrorException: preg_match(): Compilation failed: unmatched closing parenthesis at offset 26
[Method: GET, Route: eliminar_empleado/2]
in SYSTEMPATH\Router\Router.php on line 436.
 1 [internal function]: CodeIgniter\Debug\Exceptions->errorHandler(2, 'preg_match(): Compilation failed: unmatched closing parenthesis at offset 26', 'C:\\xampp\\htdocs\\fs2025\\repaso0408\\repaso\\system\\Router\\Router.php', 436)
 2 SYSTEMPATH\Router\Router.php(436): preg_match('#^eliminar_empleado\\([0-9]+)$#u', 'eliminar_empleado/2', [])
 3 SYSTEMPATH\Router\Router.php(213): CodeIgniter\Router\Router->checkRoutes('eliminar_empleado/2')
 4 SYSTEMPATH\CodeIgniter.php(832): CodeIgniter\Router\Router->handle('eliminar_empleado/2')
 5 SYSTEMPATH\CodeIgniter.php(455): CodeIgniter\CodeIgniter->tryToRouteIt(Object(CodeIgniter\Router\RouteCollection))
 6 SYSTEMPATH\CodeIgniter.php(354): CodeIgniter\CodeIgniter->handleRequest(null, Object(Config\Cache), false)
 7 SYSTEMPATH\Boot.php(363): CodeIgniter\CodeIgniter->run()
 8 SYSTEMPATH\Boot.php(68): CodeIgniter\Boot::runCodeIgniter(Object(CodeIgniter\CodeIgniter))
 9 FCPATH\index.php(59): CodeIgniter\Boot::bootWeb(Object(Config\Paths))
CRITICAL - 2025-08-04 15:42:24 --> ErrorException: preg_match(): Compilation failed: unmatched closing parenthesis at offset 26
[Method: GET, Route: eliminar_empleado/2]
in SYSTEMPATH\Router\Router.php on line 436.
 1 [internal function]: CodeIgniter\Debug\Exceptions->errorHandler(2, 'preg_match(): Compilation failed: unmatched closing parenthesis at offset 26', 'C:\\xampp\\htdocs\\fs2025\\repaso0408\\repaso\\system\\Router\\Router.php', 436)
 2 SYSTEMPATH\Router\Router.php(436): preg_match('#^eliminar_empleado\\([0-9]+)$#u', 'eliminar_empleado/2', [])
 3 SYSTEMPATH\Router\Router.php(213): CodeIgniter\Router\Router->checkRoutes('eliminar_empleado/2')
 4 SYSTEMPATH\CodeIgniter.php(832): CodeIgniter\Router\Router->handle('eliminar_empleado/2')
 5 SYSTEMPATH\CodeIgniter.php(455): CodeIgniter\CodeIgniter->tryToRouteIt(Object(CodeIgniter\Router\RouteCollection))
 6 SYSTEMPATH\CodeIgniter.php(354): CodeIgniter\CodeIgniter->handleRequest(null, Object(Config\Cache), false)
 7 SYSTEMPATH\Boot.php(363): CodeIgniter\CodeIgniter->run()
 8 SYSTEMPATH\Boot.php(68): CodeIgniter\Boot::runCodeIgniter(Object(CodeIgniter\CodeIgniter))
 9 FCPATH\index.php(59): CodeIgniter\Boot::bootWeb(Object(Config\Paths))
CRITICAL - 2025-08-04 15:42:25 --> ErrorException: preg_match(): Compilation failed: unmatched closing parenthesis at offset 26
[Method: GET, Route: eliminar_empleado/2]
in SYSTEMPATH\Router\Router.php on line 436.
 1 [internal function]: CodeIgniter\Debug\Exceptions->errorHandler(2, 'preg_match(): Compilation failed: unmatched closing parenthesis at offset 26', 'C:\\xampp\\htdocs\\fs2025\\repaso0408\\repaso\\system\\Router\\Router.php', 436)
 2 SYSTEMPATH\Router\Router.php(436): preg_match('#^eliminar_empleado\\([0-9]+)$#u', 'eliminar_empleado/2', [])
 3 SYSTEMPATH\Router\Router.php(213): CodeIgniter\Router\Router->checkRoutes('eliminar_empleado/2')
 4 SYSTEMPATH\CodeIgniter.php(832): CodeIgniter\Router\Router->handle('eliminar_empleado/2')
 5 SYSTEMPATH\CodeIgniter.php(455): CodeIgniter\CodeIgniter->tryToRouteIt(Object(CodeIgniter\Router\RouteCollection))
 6 SYSTEMPATH\CodeIgniter.php(354): CodeIgniter\CodeIgniter->handleRequest(null, Object(Config\Cache), false)
 7 SYSTEMPATH\Boot.php(363): CodeIgniter\CodeIgniter->run()
 8 SYSTEMPATH\Boot.php(68): CodeIgniter\Boot::runCodeIgniter(Object(CodeIgniter\CodeIgniter))
 9 FCPATH\index.php(59): CodeIgniter\Boot::bootWeb(Object(Config\Paths))
CRITICAL - 2025-08-04 15:42:25 --> ErrorException: preg_match(): Compilation failed: unmatched closing parenthesis at offset 26
[Method: GET, Route: eliminar_empleado/2]
in SYSTEMPATH\Router\Router.php on line 436.
 1 [internal function]: CodeIgniter\Debug\Exceptions->errorHandler(2, 'preg_match(): Compilation failed: unmatched closing parenthesis at offset 26', 'C:\\xampp\\htdocs\\fs2025\\repaso0408\\repaso\\system\\Router\\Router.php', 436)
 2 SYSTEMPATH\Router\Router.php(436): preg_match('#^eliminar_empleado\\([0-9]+)$#u', 'eliminar_empleado/2', [])
 3 SYSTEMPATH\Router\Router.php(213): CodeIgniter\Router\Router->checkRoutes('eliminar_empleado/2')
 4 SYSTEMPATH\CodeIgniter.php(832): CodeIgniter\Router\Router->handle('eliminar_empleado/2')
 5 SYSTEMPATH\CodeIgniter.php(455): CodeIgniter\CodeIgniter->tryToRouteIt(Object(CodeIgniter\Router\RouteCollection))
 6 SYSTEMPATH\CodeIgniter.php(354): CodeIgniter\CodeIgniter->handleRequest(null, Object(Config\Cache), false)
 7 SYSTEMPATH\Boot.php(363): CodeIgniter\CodeIgniter->run()
 8 SYSTEMPATH\Boot.php(68): CodeIgniter\Boot::runCodeIgniter(Object(CodeIgniter\CodeIgniter))
 9 FCPATH\index.php(59): CodeIgniter\Boot::bootWeb(Object(Config\Paths))
CRITICAL - 2025-08-04 15:42:46 --> ErrorException: preg_match(): Compilation failed: unmatched closing parenthesis at offset 26
[Method: GET, Route: eliminar_empleado/4]
in SYSTEMPATH\Router\Router.php on line 436.
 1 [internal function]: CodeIgniter\Debug\Exceptions->errorHandler(2, 'preg_match(): Compilation failed: unmatched closing parenthesis at offset 26', 'C:\\xampp\\htdocs\\fs2025\\repaso0408\\repaso\\system\\Router\\Router.php', 436)
 2 SYSTEMPATH\Router\Router.php(436): preg_match('#^eliminar_empleado\\([0-9]+)$#u', 'eliminar_empleado/4', [])
 3 SYSTEMPATH\Router\Router.php(213): CodeIgniter\Router\Router->checkRoutes('eliminar_empleado/4')
 4 SYSTEMPATH\CodeIgniter.php(832): CodeIgniter\Router\Router->handle('eliminar_empleado/4')
 5 SYSTEMPATH\CodeIgniter.php(455): CodeIgniter\CodeIgniter->tryToRouteIt(Object(CodeIgniter\Router\RouteCollection))
 6 SYSTEMPATH\CodeIgniter.php(354): CodeIgniter\CodeIgniter->handleRequest(null, Object(Config\Cache), false)
 7 SYSTEMPATH\Boot.php(363): CodeIgniter\CodeIgniter->run()
 8 SYSTEMPATH\Boot.php(68): CodeIgniter\Boot::runCodeIgniter(Object(CodeIgniter\CodeIgniter))
 9 FCPATH\index.php(59): CodeIgniter\Boot::bootWeb(Object(Config\Paths))
CRITICAL - 2025-08-04 15:46:51 --> ErrorException: preg_match(): Compilation failed: unmatched closing parenthesis at offset 26
[Method: GET, Route: eliminar_empleado/4]
in SYSTEMPATH\Router\Router.php on line 436.
 1 [internal function]: CodeIgniter\Debug\Exceptions->errorHandler(2, 'preg_match(): Compilation failed: unmatched closing parenthesis at offset 26', 'C:\\xampp\\htdocs\\fs2025\\repaso0408\\repaso\\system\\Router\\Router.php', 436)
 2 SYSTEMPATH\Router\Router.php(436): preg_match('#^eliminar_empleado\\([0-9]+)$#u', 'eliminar_empleado/4', [])
 3 SYSTEMPATH\Router\Router.php(213): CodeIgniter\Router\Router->checkRoutes('eliminar_empleado/4')
 4 SYSTEMPATH\CodeIgniter.php(832): CodeIgniter\Router\Router->handle('eliminar_empleado/4')
 5 SYSTEMPATH\CodeIgniter.php(455): CodeIgniter\CodeIgniter->tryToRouteIt(Object(CodeIgniter\Router\RouteCollection))
 6 SYSTEMPATH\CodeIgniter.php(354): CodeIgniter\CodeIgniter->handleRequest(null, Object(Config\Cache), false)
 7 SYSTEMPATH\Boot.php(363): CodeIgniter\CodeIgniter->run()
 8 SYSTEMPATH\Boot.php(68): CodeIgniter\Boot::runCodeIgniter(Object(CodeIgniter\CodeIgniter))
 9 FCPATH\index.php(59): CodeIgniter\Boot::bootWeb(Object(Config\Paths))
CRITICAL - 2025-08-04 15:48:07 --> ErrorException: preg_match(): Compilation failed: unmatched closing parenthesis at offset 26
[Method: GET, Route: eliminar_empleado/4]
in SYSTEMPATH\Router\Router.php on line 436.
 1 [internal function]: CodeIgniter\Debug\Exceptions->errorHandler(2, 'preg_match(): Compilation failed: unmatched closing parenthesis at offset 26', 'C:\\xampp\\htdocs\\fs2025\\repaso0408\\repaso\\system\\Router\\Router.php', 436)
 2 SYSTEMPATH\Router\Router.php(436): preg_match('#^eliminar_empleado\\([0-9]+)$#u', 'eliminar_empleado/4', [])
 3 SYSTEMPATH\Router\Router.php(213): CodeIgniter\Router\Router->checkRoutes('eliminar_empleado/4')
 4 SYSTEMPATH\CodeIgniter.php(832): CodeIgniter\Router\Router->handle('eliminar_empleado/4')
 5 SYSTEMPATH\CodeIgniter.php(455): CodeIgniter\CodeIgniter->tryToRouteIt(Object(CodeIgniter\Router\RouteCollection))
 6 SYSTEMPATH\CodeIgniter.php(354): CodeIgniter\CodeIgniter->handleRequest(null, Object(Config\Cache), false)
 7 SYSTEMPATH\Boot.php(363): CodeIgniter\CodeIgniter->run()
 8 SYSTEMPATH\Boot.php(68): CodeIgniter\Boot::runCodeIgniter(Object(CodeIgniter\CodeIgniter))
 9 FCPATH\index.php(59): CodeIgniter\Boot::bootWeb(Object(Config\Paths))
CRITICAL - 2025-08-04 15:48:28 --> ErrorException: preg_match(): Compilation failed: unmatched closing parenthesis at offset 26
[Method: GET, Route: eliminar_empleado/1]
in SYSTEMPATH\Router\Router.php on line 436.
 1 [internal function]: CodeIgniter\Debug\Exceptions->errorHandler(2, 'preg_match(): Compilation failed: unmatched closing parenthesis at offset 26', 'C:\\xampp\\htdocs\\fs2025\\repaso0408\\repaso\\system\\Router\\Router.php', 436)
 2 SYSTEMPATH\Router\Router.php(436): preg_match('#^eliminar_empleado\\([0-9]+)$#u', 'eliminar_empleado/1', [])
 3 SYSTEMPATH\Router\Router.php(213): CodeIgniter\Router\Router->checkRoutes('eliminar_empleado/1')
 4 SYSTEMPATH\CodeIgniter.php(832): CodeIgniter\Router\Router->handle('eliminar_empleado/1')
 5 SYSTEMPATH\CodeIgniter.php(455): CodeIgniter\CodeIgniter->tryToRouteIt(Object(CodeIgniter\Router\RouteCollection))
 6 SYSTEMPATH\CodeIgniter.php(354): CodeIgniter\CodeIgniter->handleRequest(null, Object(Config\Cache), false)
 7 SYSTEMPATH\Boot.php(363): CodeIgniter\CodeIgniter->run()
 8 SYSTEMPATH\Boot.php(68): CodeIgniter\Boot::runCodeIgniter(Object(CodeIgniter\CodeIgniter))
 9 FCPATH\index.php(59): CodeIgniter\Boot::bootWeb(Object(Config\Paths))
CRITICAL - 2025-08-04 16:50:44 --> ErrorException: Undefined variable $datosdatos
[Method: GET, Route: buscar_empleado/2]
in APPPATH\Views\form_modificar_empleados.php on line 18.
 1 APPPATH\Views\form_modificar_empleados.php(18): CodeIgniter\Debug\Exceptions->errorHandler(2, 'Undefined variable $datosdatos', 'C:\\xampp\\htdocs\\fs2025\\repaso0408\\repaso\\app\\Views\\form_modificar_empleados.php', 18)
 2 SYSTEMPATH\View\View.php(226): include('C:\\xampp\\htdocs\\fs2025\\repaso0408\\repaso\\app\\Views\\form_modificar_empleados.php')
 3 SYSTEMPATH\View\View.php(229): CodeIgniter\View\View->CodeIgniter\View\{closure}()
 4 SYSTEMPATH\Common.php(1167): CodeIgniter\View\View->render('form_modificar_empleados', [], true)
 5 APPPATH\Controllers\EmpleadoController.php(27): view('form_modificar_empleados', [...])
 6 SYSTEMPATH\CodeIgniter.php(933): App\Controllers\EmpleadoController->buscar('2')
 7 SYSTEMPATH\CodeIgniter.php(507): CodeIgniter\CodeIgniter->runController(Object(App\Controllers\EmpleadoController))
 8 SYSTEMPATH\CodeIgniter.php(354): CodeIgniter\CodeIgniter->handleRequest(null, Object(Config\Cache), false)
 9 SYSTEMPATH\Boot.php(363): CodeIgniter\CodeIgniter->run()
10 SYSTEMPATH\Boot.php(68): CodeIgniter\Boot::runCodeIgniter(Object(CodeIgniter\CodeIgniter))
11 FCPATH\index.php(59): CodeIgniter\Boot::bootWeb(Object(Config\Paths))
CRITICAL - 2025-08-04 17:23:17 --> ParseError: syntax error, unexpected token ";", expecting "]"
[Method: GET, Route: buscar_empleado/6]
in APPPATH\Controllers\EmpleadoController.php on line 40.
 1 SYSTEMPATH\Autoloader\Autoloader.php(295): CodeIgniter\Autoloader\Autoloader->includeFile('C:\\xampp\\htdocs\\fs2025\\repaso0408\\repaso\\app\\Controllers\\EmpleadoController.php')
 2 SYSTEMPATH\Autoloader\Autoloader.php(271): CodeIgniter\Autoloader\Autoloader->loadInNamespace('App\\Controllers\\EmpleadoController')
 3 [internal function]: CodeIgniter\Autoloader\Autoloader->loadClass('App\\Controllers\\EmpleadoController')
 4 SYSTEMPATH\CodeIgniter.php(885): class_exists('\\App\\Controllers\\EmpleadoController', true)
 5 SYSTEMPATH\CodeIgniter.php(494): CodeIgniter\CodeIgniter->startController()
 6 SYSTEMPATH\CodeIgniter.php(354): CodeIgniter\CodeIgniter->handleRequest(null, Object(Config\Cache), false)
 7 SYSTEMPATH\Boot.php(363): CodeIgniter\CodeIgniter->run()
 8 SYSTEMPATH\Boot.php(68): CodeIgniter\Boot::runCodeIgniter(Object(CodeIgniter\CodeIgniter))
 9 FCPATH\index.php(59): CodeIgniter\Boot::bootWeb(Object(Config\Paths))
CRITICAL - 2025-08-04 17:26:38 --> CodeIgniter\Database\Exceptions\DatabaseException: Updates are not allowed unless they contain a "where" or "like" clause.
[Method: GET, Route: editar_empleado]
in SYSTEMPATH\Model.php on line 456.
 1 SYSTEMPATH\BaseModel.php(1025): CodeIgniter\Model->doUpdate(null, [...])
 2 SYSTEMPATH\Model.php(860): CodeIgniter\BaseModel->update(null, [...])
 3 APPPATH\Controllers\EmpleadoController.php(42): CodeIgniter\Model->update(null, [...])
 4 SYSTEMPATH\CodeIgniter.php(933): App\Controllers\EmpleadoController->editar()
 5 SYSTEMPATH\CodeIgniter.php(507): CodeIgniter\CodeIgniter->runController(Object(App\Controllers\EmpleadoController))
 6 SYSTEMPATH\CodeIgniter.php(354): CodeIgniter\CodeIgniter->handleRequest(null, Object(Config\Cache), false)
 7 SYSTEMPATH\Boot.php(363): CodeIgniter\CodeIgniter->run()
 8 SYSTEMPATH\Boot.php(68): CodeIgniter\Boot::runCodeIgniter(Object(CodeIgniter\CodeIgniter))
 9 FCPATH\index.php(59): CodeIgniter\Boot::bootWeb(Object(Config\Paths))
CRITICAL - 2025-08-04 17:28:18 --> CodeIgniter\Database\Exceptions\DatabaseException: Updates are not allowed unless they contain a "where" or "like" clause.
[Method: GET, Route: editar_empleado]
in SYSTEMPATH\Model.php on line 456.
 1 SYSTEMPATH\BaseModel.php(1025): CodeIgniter\Model->doUpdate(null, [...])
 2 SYSTEMPATH\Model.php(860): CodeIgniter\BaseModel->update(null, [...])
 3 APPPATH\Controllers\EmpleadoController.php(42): CodeIgniter\Model->update(null, [...])
 4 SYSTEMPATH\CodeIgniter.php(933): App\Controllers\EmpleadoController->editar()
 5 SYSTEMPATH\CodeIgniter.php(507): CodeIgniter\CodeIgniter->runController(Object(App\Controllers\EmpleadoController))
 6 SYSTEMPATH\CodeIgniter.php(354): CodeIgniter\CodeIgniter->handleRequest(null, Object(Config\Cache), false)
 7 SYSTEMPATH\Boot.php(363): CodeIgniter\CodeIgniter->run()
 8 SYSTEMPATH\Boot.php(68): CodeIgniter\Boot::runCodeIgniter(Object(CodeIgniter\CodeIgniter))
 9 FCPATH\index.php(59): CodeIgniter\Boot::bootWeb(Object(Config\Paths))
CRITICAL - 2025-08-04 17:31:32 --> CodeIgniter\Database\Exceptions\DatabaseException: Updates are not allowed unless they contain a "where" or "like" clause.
[Method: GET, Route: editar_empleado]
in SYSTEMPATH\Model.php on line 456.
 1 SYSTEMPATH\BaseModel.php(1025): CodeIgniter\Model->doUpdate(null, [...])
 2 SYSTEMPATH\Model.php(860): CodeIgniter\BaseModel->update(null, [...])
 3 APPPATH\Controllers\EmpleadoController.php(42): CodeIgniter\Model->update(null, [...])
 4 SYSTEMPATH\CodeIgniter.php(933): App\Controllers\EmpleadoController->editar()
 5 SYSTEMPATH\CodeIgniter.php(507): CodeIgniter\CodeIgniter->runController(Object(App\Controllers\EmpleadoController))
 6 SYSTEMPATH\CodeIgniter.php(354): CodeIgniter\CodeIgniter->handleRequest(null, Object(Config\Cache), false)
 7 SYSTEMPATH\Boot.php(363): CodeIgniter\CodeIgniter->run()
 8 SYSTEMPATH\Boot.php(68): CodeIgniter\Boot::runCodeIgniter(Object(CodeIgniter\CodeIgniter))
 9 FCPATH\index.php(59): CodeIgniter\Boot::bootWeb(Object(Config\Paths))
CRITICAL - 2025-08-04 17:31:44 --> CodeIgniter\Database\Exceptions\DatabaseException: Updates are not allowed unless they contain a "where" or "like" clause.
[Method: GET, Route: editar_empleado]
in SYSTEMPATH\Model.php on line 456.
 1 SYSTEMPATH\BaseModel.php(1025): CodeIgniter\Model->doUpdate(null, [...])
 2 SYSTEMPATH\Model.php(860): CodeIgniter\BaseModel->update(null, [...])
 3 APPPATH\Controllers\EmpleadoController.php(42): CodeIgniter\Model->update(null, [...])
 4 SYSTEMPATH\CodeIgniter.php(933): App\Controllers\EmpleadoController->editar()
 5 SYSTEMPATH\CodeIgniter.php(507): CodeIgniter\CodeIgniter->runController(Object(App\Controllers\EmpleadoController))
 6 SYSTEMPATH\CodeIgniter.php(354): CodeIgniter\CodeIgniter->handleRequest(null, Object(Config\Cache), false)
 7 SYSTEMPATH\Boot.php(363): CodeIgniter\CodeIgniter->run()
 8 SYSTEMPATH\Boot.php(68): CodeIgniter\Boot::runCodeIgniter(Object(CodeIgniter\CodeIgniter))
 9 FCPATH\index.php(59): CodeIgniter\Boot::bootWeb(Object(Config\Paths))
ERROR - 2025-08-04 17:55:02 --> mysqli_sql_exception: Column 'empleado_id' cannot be null in C:\xampp\htdocs\fs2025\repaso0408\repaso\system\Database\MySQLi\Connection.php:327
Stack trace:
#0 C:\xampp\htdocs\fs2025\repaso0408\repaso\system\Database\MySQLi\Connection.php(327): mysqli->query('INSERT INTO `em...', 0)
#1 C:\xampp\htdocs\fs2025\repaso0408\repaso\system\Database\BaseConnection.php(729): CodeIgniter\Database\MySQLi\Connection->execute('INSERT INTO `em...')
#2 C:\xampp\htdocs\fs2025\repaso0408\repaso\system\Database\BaseConnection.php(646): CodeIgniter\Database\BaseConnection->simpleQuery('INSERT INTO `em...')
#3 C:\xampp\htdocs\fs2025\repaso0408\repaso\system\Database\BaseBuilder.php(2345): CodeIgniter\Database\BaseConnection->query('INSERT INTO `em...', Array, false)
#4 C:\xampp\htdocs\fs2025\repaso0408\repaso\system\Model.php(394): CodeIgniter\Database\BaseBuilder->insert()
#5 C:\xampp\htdocs\fs2025\repaso0408\repaso\system\BaseModel.php(838): CodeIgniter\Model->doInsert(Array)
#6 C:\xampp\htdocs\fs2025\repaso0408\repaso\system\Model.php(797): CodeIgniter\BaseModel->insert(Array, true)
#7 C:\xampp\htdocs\fs2025\repaso0408\repaso\app\Controllers\EmpleadoController.php(26): CodeIgniter\Model->insert(Array)
#8 C:\xampp\htdocs\fs2025\repaso0408\repaso\system\CodeIgniter.php(933): App\Controllers\EmpleadoController->agregar()
#9 C:\xampp\htdocs\fs2025\repaso0408\repaso\system\CodeIgniter.php(507): CodeIgniter\CodeIgniter->runController(Object(App\Controllers\EmpleadoController))
#10 C:\xampp\htdocs\fs2025\repaso0408\repaso\system\CodeIgniter.php(354): CodeIgniter\CodeIgniter->handleRequest(NULL, Object(Config\Cache), false)
#11 C:\xampp\htdocs\fs2025\repaso0408\repaso\system\Boot.php(363): CodeIgniter\CodeIgniter->run()
#12 C:\xampp\htdocs\fs2025\repaso0408\repaso\system\Boot.php(68): CodeIgniter\Boot::runCodeIgniter(Object(CodeIgniter\CodeIgniter))
#13 C:\xampp\htdocs\fs2025\repaso0408\repaso\public\index.php(59): CodeIgniter\Boot::bootWeb(Object(Config\Paths))
#14 {main}
CRITICAL - 2025-08-04 17:55:02 --> CodeIgniter\Database\Exceptions\DatabaseException: Column 'empleado_id' cannot be null
[Method: POST, Route: agregarEmpleado]
in SYSTEMPATH\Database\BaseConnection.php on line 684.
 1 SYSTEMPATH\Database\BaseBuilder.php(2345): CodeIgniter\Database\BaseConnection->query('INSERT INTO `empleados` (`empleado_id`, `nombre`, `apellido`, `telefono`, `puesto_id`, `fecha_nacimiento`) VALUES (:empleado_id:, :nombre:, :apellido:, :telefono:, :puesto_id:, :fecha_nacimiento:)', [...], false)
 2 SYSTEMPATH\Model.php(394): CodeIgniter\Database\BaseBuilder->insert()
 3 SYSTEMPATH\BaseModel.php(838): CodeIgniter\Model->doInsert([...])
 4 SYSTEMPATH\Model.php(797): CodeIgniter\BaseModel->insert([...], true)
 5 APPPATH\Controllers\EmpleadoController.php(26): CodeIgniter\Model->insert([...])
 6 SYSTEMPATH\CodeIgniter.php(933): App\Controllers\EmpleadoController->agregar()
 7 SYSTEMPATH\CodeIgniter.php(507): CodeIgniter\CodeIgniter->runController(Object(App\Controllers\EmpleadoController))
 8 SYSTEMPATH\CodeIgniter.php(354): CodeIgniter\CodeIgniter->handleRequest(null, Object(Config\Cache), false)
 9 SYSTEMPATH\Boot.php(363): CodeIgniter\CodeIgniter->run()
10 SYSTEMPATH\Boot.php(68): CodeIgniter\Boot::runCodeIgniter(Object(CodeIgniter\CodeIgniter))
11 FCPATH\index.php(59): CodeIgniter\Boot::bootWeb(Object(Config\Paths))
CRITICAL - 2025-08-04 17:55:02 --> [Caused by] CodeIgniter\Database\Exceptions\DatabaseException: Column 'empleado_id' cannot be null
in SYSTEMPATH\Database\MySQLi\Connection.php on line 332.
 1 SYSTEMPATH\Database\BaseConnection.php(729): CodeIgniter\Database\MySQLi\Connection->execute('INSERT INTO `empleados` (`empleado_id`, `nombre`, `apellido`, `telefono`, `puesto_id`, `fecha_nacimiento`) VALUES (NULL, NULL, NULL, NULL, NULL, NULL)')
 2 SYSTEMPATH\Database\BaseConnection.php(646): CodeIgniter\Database\BaseConnection->simpleQuery('INSERT INTO `empleados` (`empleado_id`, `nombre`, `apellido`, `telefono`, `puesto_id`, `fecha_nacimiento`) VALUES (NULL, NULL, NULL, NULL, NULL, NULL)')
 3 SYSTEMPATH\Database\BaseBuilder.php(2345): CodeIgniter\Database\BaseConnection->query('INSERT INTO `empleados` (`empleado_id`, `nombre`, `apellido`, `telefono`, `puesto_id`, `fecha_nacimiento`) VALUES (:empleado_id:, :nombre:, :apellido:, :telefono:, :puesto_id:, :fecha_nacimiento:)', [...], false)
 4 SYSTEMPATH\Model.php(394): CodeIgniter\Database\BaseBuilder->insert()
 5 SYSTEMPATH\BaseModel.php(838): CodeIgniter\Model->doInsert([...])
 6 SYSTEMPATH\Model.php(797): CodeIgniter\BaseModel->insert([...], true)
 7 APPPATH\Controllers\EmpleadoController.php(26): CodeIgniter\Model->insert([...])
 8 SYSTEMPATH\CodeIgniter.php(933): App\Controllers\EmpleadoController->agregar()
 9 SYSTEMPATH\CodeIgniter.php(507): CodeIgniter\CodeIgniter->runController(Object(App\Controllers\EmpleadoController))
10 SYSTEMPATH\CodeIgniter.php(354): CodeIgniter\CodeIgniter->handleRequest(null, Object(Config\Cache), false)
11 SYSTEMPATH\Boot.php(363): CodeIgniter\CodeIgniter->run()
12 SYSTEMPATH\Boot.php(68): CodeIgniter\Boot::runCodeIgniter(Object(CodeIgniter\CodeIgniter))
13 FCPATH\index.php(59): CodeIgniter\Boot::bootWeb(Object(Config\Paths))
CRITICAL - 2025-08-04 17:55:02 --> [Caused by] mysqli_sql_exception: Column 'empleado_id' cannot be null
in SYSTEMPATH\Database\MySQLi\Connection.php on line 327.
 1 SYSTEMPATH\Database\MySQLi\Connection.php(327): mysqli->query('INSERT INTO `empleados` (`empleado_id`, `nombre`, `apellido`, `telefono`, `puesto_id`, `fecha_nacimiento`) VALUES (NULL, NULL, NULL, NULL, NULL, NULL)', 0)
 2 SYSTEMPATH\Database\BaseConnection.php(729): CodeIgniter\Database\MySQLi\Connection->execute('INSERT INTO `empleados` (`empleado_id`, `nombre`, `apellido`, `telefono`, `puesto_id`, `fecha_nacimiento`) VALUES (NULL, NULL, NULL, NULL, NULL, NULL)')
 3 SYSTEMPATH\Database\BaseConnection.php(646): CodeIgniter\Database\BaseConnection->simpleQuery('INSERT INTO `empleados` (`empleado_id`, `nombre`, `apellido`, `telefono`, `puesto_id`, `fecha_nacimiento`) VALUES (NULL, NULL, NULL, NULL, NULL, NULL)')
 4 SYSTEMPATH\Database\BaseBuilder.php(2345): CodeIgniter\Database\BaseConnection->query('INSERT INTO `empleados` (`empleado_id`, `nombre`, `apellido`, `telefono`, `puesto_id`, `fecha_nacimiento`) VALUES (:empleado_id:, :nombre:, :apellido:, :telefono:, :puesto_id:, :fecha_nacimiento:)', [...], false)
 5 SYSTEMPATH\Model.php(394): CodeIgniter\Database\BaseBuilder->insert()
 6 SYSTEMPATH\BaseModel.php(838): CodeIgniter\Model->doInsert([...])
 7 SYSTEMPATH\Model.php(797): CodeIgniter\BaseModel->insert([...], true)
 8 APPPATH\Controllers\EmpleadoController.php(26): CodeIgniter\Model->insert([...])
 9 SYSTEMPATH\CodeIgniter.php(933): App\Controllers\EmpleadoController->agregar()
10 SYSTEMPATH\CodeIgniter.php(507): CodeIgniter\CodeIgniter->runController(Object(App\Controllers\EmpleadoController))
11 SYSTEMPATH\CodeIgniter.php(354): CodeIgniter\CodeIgniter->handleRequest(null, Object(Config\Cache), false)
12 SYSTEMPATH\Boot.php(363): CodeIgniter\CodeIgniter->run()
13 SYSTEMPATH\Boot.php(68): CodeIgniter\Boot::runCodeIgniter(Object(CodeIgniter\CodeIgniter))
14 FCPATH\index.php(59): CodeIgniter\Boot::bootWeb(Object(Config\Paths))
