CRITICAL - 2025-08-13 15:01:07 --> ErrorException: Undefined variable $equipo
[Method: GET, Route: usuarios]
in APPPATH\Views\usuarios.php on line 86.
 1 APPPATH\Views\usuarios.php(86): CodeIgniter\Debug\Exceptions->errorHandler(2, 'Undefined variable $equipo', 'C:\\xampp\\htdocs\\fs2025\\repaso0408\\repaso\\app\\Views\\usuarios.php', 86)
 2 SYSTEMPATH\View\View.php(226): include('C:\\xampp\\htdocs\\fs2025\\repaso0408\\repaso\\app\\Views\\usuarios.php')
 3 SYSTEMPATH\View\View.php(229): CodeIgniter\View\View->CodeIgniter\View\{closure}()
 4 SYSTEMPATH\Common.php(1167): CodeIgniter\View\View->render('usuarios', [], true)
 5 APPPATH\Controllers\UsuarioController.php(12): view('usuarios', [...])
 6 SYSTEMPATH\CodeIgniter.php(933): App\Controllers\UsuarioController->index()
 7 SYSTEMPATH\CodeIgniter.php(507): CodeIgniter\CodeIgniter->runController(Object(App\Controllers\UsuarioController))
 8 SYSTEMPATH\CodeIgniter.php(354): CodeIgniter\CodeIgniter->handleRequest(null, Object(Config\Cache), false)
 9 SYSTEMPATH\Boot.php(363): CodeIgniter\CodeIgniter->run()
10 SYSTEMPATH\Boot.php(68): CodeIgniter\Boot::runCodeIgniter(Object(CodeIgniter\CodeIgniter))
11 FCPATH\index.php(59): CodeIgniter\Boot::bootWeb(Object(Config\Paths))
CRITICAL - 2025-08-13 16:50:39 --> CodeIgniter\View\Exceptions\ViewException: Invalid file: "main/index.php"
[Method: GET, Route: menu]
in SYSTEMPATH\Exceptions\FrameworkException.php on line 39.
 1 SYSTEMPATH\View\View.php(214): CodeIgniter\Exceptions\FrameworkException::forInvalidFile('main/index.php')
 2 SYSTEMPATH\Common.php(1167): CodeIgniter\View\View->render('main/index', [], true)
 3 APPPATH\Controllers\MenuController.php(10): view('main/index')
 4 SYSTEMPATH\CodeIgniter.php(933): App\Controllers\MenuController->index()
 5 SYSTEMPATH\CodeIgniter.php(507): CodeIgniter\CodeIgniter->runController(Object(App\Controllers\MenuController))
 6 SYSTEMPATH\CodeIgniter.php(354): CodeIgniter\CodeIgniter->handleRequest(null, Object(Config\Cache), false)
 7 SYSTEMPATH\Boot.php(363): CodeIgniter\CodeIgniter->run()
 8 SYSTEMPATH\Boot.php(68): CodeIgniter\Boot::runCodeIgniter(Object(CodeIgniter\CodeIgniter))
 9 FCPATH\index.php(59): CodeIgniter\Boot::bootWeb(Object(Config\Paths))
CRITICAL - 2025-08-13 16:52:01 --> CodeIgniter\View\Exceptions\ViewException: Invalid file: "main/index.php"
[Method: GET, Route: menu]
in SYSTEMPATH\Exceptions\FrameworkException.php on line 39.
 1 SYSTEMPATH\View\View.php(214): CodeIgniter\Exceptions\FrameworkException::forInvalidFile('main/index.php')
 2 SYSTEMPATH\Common.php(1167): CodeIgniter\View\View->render('main/index', [], true)
 3 APPPATH\Controllers\MenuController.php(10): view('main/index')
 4 SYSTEMPATH\CodeIgniter.php(933): App\Controllers\MenuController->index()
 5 SYSTEMPATH\CodeIgniter.php(507): CodeIgniter\CodeIgniter->runController(Object(App\Controllers\MenuController))
 6 SYSTEMPATH\CodeIgniter.php(354): CodeIgniter\CodeIgniter->handleRequest(null, Object(Config\Cache), false)
 7 SYSTEMPATH\Boot.php(363): CodeIgniter\CodeIgniter->run()
 8 SYSTEMPATH\Boot.php(68): CodeIgniter\Boot::runCodeIgniter(Object(CodeIgniter\CodeIgniter))
 9 FCPATH\index.php(59): CodeIgniter\Boot::bootWeb(Object(Config\Paths))
CRITICAL - 2025-08-13 16:55:59 --> CodeIgniter\View\Exceptions\ViewException: Invalid file: "main/index.php"
[Method: GET, Route: menu]
in SYSTEMPATH\Exceptions\FrameworkException.php on line 39.
 1 SYSTEMPATH\View\View.php(214): CodeIgniter\Exceptions\FrameworkException::forInvalidFile('main/index.php')
 2 SYSTEMPATH\Common.php(1167): CodeIgniter\View\View->render('main/index', [], true)
 3 APPPATH\Controllers\MenuController.php(10): view('main/index')
 4 SYSTEMPATH\CodeIgniter.php(933): App\Controllers\MenuController->index()
 5 SYSTEMPATH\CodeIgniter.php(507): CodeIgniter\CodeIgniter->runController(Object(App\Controllers\MenuController))
 6 SYSTEMPATH\CodeIgniter.php(354): CodeIgniter\CodeIgniter->handleRequest(null, Object(Config\Cache), false)
 7 SYSTEMPATH\Boot.php(363): CodeIgniter\CodeIgniter->run()
 8 SYSTEMPATH\Boot.php(68): CodeIgniter\Boot::runCodeIgniter(Object(CodeIgniter\CodeIgniter))
 9 FCPATH\index.php(59): CodeIgniter\Boot::bootWeb(Object(Config\Paths))
CRITICAL - 2025-08-13 16:56:01 --> CodeIgniter\View\Exceptions\ViewException: Invalid file: "main/index.php"
[Method: GET, Route: menu]
in SYSTEMPATH\Exceptions\FrameworkException.php on line 39.
 1 SYSTEMPATH\View\View.php(214): CodeIgniter\Exceptions\FrameworkException::forInvalidFile('main/index.php')
 2 SYSTEMPATH\Common.php(1167): CodeIgniter\View\View->render('main/index', [], true)
 3 APPPATH\Controllers\MenuController.php(10): view('main/index')
 4 SYSTEMPATH\CodeIgniter.php(933): App\Controllers\MenuController->index()
 5 SYSTEMPATH\CodeIgniter.php(507): CodeIgniter\CodeIgniter->runController(Object(App\Controllers\MenuController))
 6 SYSTEMPATH\CodeIgniter.php(354): CodeIgniter\CodeIgniter->handleRequest(null, Object(Config\Cache), false)
 7 SYSTEMPATH\Boot.php(363): CodeIgniter\CodeIgniter->run()
 8 SYSTEMPATH\Boot.php(68): CodeIgniter\Boot::runCodeIgniter(Object(CodeIgniter\CodeIgniter))
 9 FCPATH\index.php(59): CodeIgniter\Boot::bootWeb(Object(Config\Paths))
CRITICAL - 2025-08-13 16:56:02 --> CodeIgniter\View\Exceptions\ViewException: Invalid file: "main/index.php"
[Method: GET, Route: menu]
in SYSTEMPATH\Exceptions\FrameworkException.php on line 39.
 1 SYSTEMPATH\View\View.php(214): CodeIgniter\Exceptions\FrameworkException::forInvalidFile('main/index.php')
 2 SYSTEMPATH\Common.php(1167): CodeIgniter\View\View->render('main/index', [], true)
 3 APPPATH\Controllers\MenuController.php(10): view('main/index')
 4 SYSTEMPATH\CodeIgniter.php(933): App\Controllers\MenuController->index()
 5 SYSTEMPATH\CodeIgniter.php(507): CodeIgniter\CodeIgniter->runController(Object(App\Controllers\MenuController))
 6 SYSTEMPATH\CodeIgniter.php(354): CodeIgniter\CodeIgniter->handleRequest(null, Object(Config\Cache), false)
 7 SYSTEMPATH\Boot.php(363): CodeIgniter\CodeIgniter->run()
 8 SYSTEMPATH\Boot.php(68): CodeIgniter\Boot::runCodeIgniter(Object(CodeIgniter\CodeIgniter))
 9 FCPATH\index.php(59): CodeIgniter\Boot::bootWeb(Object(Config\Paths))
CRITICAL - 2025-08-13 16:56:02 --> CodeIgniter\View\Exceptions\ViewException: Invalid file: "main/index.php"
[Method: GET, Route: menu]
in SYSTEMPATH\Exceptions\FrameworkException.php on line 39.
 1 SYSTEMPATH\View\View.php(214): CodeIgniter\Exceptions\FrameworkException::forInvalidFile('main/index.php')
 2 SYSTEMPATH\Common.php(1167): CodeIgniter\View\View->render('main/index', [], true)
 3 APPPATH\Controllers\MenuController.php(10): view('main/index')
 4 SYSTEMPATH\CodeIgniter.php(933): App\Controllers\MenuController->index()
 5 SYSTEMPATH\CodeIgniter.php(507): CodeIgniter\CodeIgniter->runController(Object(App\Controllers\MenuController))
 6 SYSTEMPATH\CodeIgniter.php(354): CodeIgniter\CodeIgniter->handleRequest(null, Object(Config\Cache), false)
 7 SYSTEMPATH\Boot.php(363): CodeIgniter\CodeIgniter->run()
 8 SYSTEMPATH\Boot.php(68): CodeIgniter\Boot::runCodeIgniter(Object(CodeIgniter\CodeIgniter))
 9 FCPATH\index.php(59): CodeIgniter\Boot::bootWeb(Object(Config\Paths))
CRITICAL - 2025-08-13 16:56:02 --> CodeIgniter\View\Exceptions\ViewException: Invalid file: "main/index.php"
[Method: GET, Route: menu]
in SYSTEMPATH\Exceptions\FrameworkException.php on line 39.
 1 SYSTEMPATH\View\View.php(214): CodeIgniter\Exceptions\FrameworkException::forInvalidFile('main/index.php')
 2 SYSTEMPATH\Common.php(1167): CodeIgniter\View\View->render('main/index', [], true)
 3 APPPATH\Controllers\MenuController.php(10): view('main/index')
 4 SYSTEMPATH\CodeIgniter.php(933): App\Controllers\MenuController->index()
 5 SYSTEMPATH\CodeIgniter.php(507): CodeIgniter\CodeIgniter->runController(Object(App\Controllers\MenuController))
 6 SYSTEMPATH\CodeIgniter.php(354): CodeIgniter\CodeIgniter->handleRequest(null, Object(Config\Cache), false)
 7 SYSTEMPATH\Boot.php(363): CodeIgniter\CodeIgniter->run()
 8 SYSTEMPATH\Boot.php(68): CodeIgniter\Boot::runCodeIgniter(Object(CodeIgniter\CodeIgniter))
 9 FCPATH\index.php(59): CodeIgniter\Boot::bootWeb(Object(Config\Paths))
CRITICAL - 2025-08-13 16:56:02 --> CodeIgniter\View\Exceptions\ViewException: Invalid file: "main/index.php"
[Method: GET, Route: menu]
in SYSTEMPATH\Exceptions\FrameworkException.php on line 39.
 1 SYSTEMPATH\View\View.php(214): CodeIgniter\Exceptions\FrameworkException::forInvalidFile('main/index.php')
 2 SYSTEMPATH\Common.php(1167): CodeIgniter\View\View->render('main/index', [], true)
 3 APPPATH\Controllers\MenuController.php(10): view('main/index')
 4 SYSTEMPATH\CodeIgniter.php(933): App\Controllers\MenuController->index()
 5 SYSTEMPATH\CodeIgniter.php(507): CodeIgniter\CodeIgniter->runController(Object(App\Controllers\MenuController))
 6 SYSTEMPATH\CodeIgniter.php(354): CodeIgniter\CodeIgniter->handleRequest(null, Object(Config\Cache), false)
 7 SYSTEMPATH\Boot.php(363): CodeIgniter\CodeIgniter->run()
 8 SYSTEMPATH\Boot.php(68): CodeIgniter\Boot::runCodeIgniter(Object(CodeIgniter\CodeIgniter))
 9 FCPATH\index.php(59): CodeIgniter\Boot::bootWeb(Object(Config\Paths))
CRITICAL - 2025-08-13 16:56:47 --> CodeIgniter\View\Exceptions\ViewException: Invalid file: "main/inicio.php"
[Method: GET, Route: menu]
in SYSTEMPATH\Exceptions\FrameworkException.php on line 39.
 1 SYSTEMPATH\View\View.php(214): CodeIgniter\Exceptions\FrameworkException::forInvalidFile('main/inicio.php')
 2 SYSTEMPATH\Common.php(1167): CodeIgniter\View\View->render('main/inicio', [], true)
 3 APPPATH\Controllers\MenuController.php(10): view('main/inicio')
 4 SYSTEMPATH\CodeIgniter.php(933): App\Controllers\MenuController->inicio()
 5 SYSTEMPATH\CodeIgniter.php(507): CodeIgniter\CodeIgniter->runController(Object(App\Controllers\MenuController))
 6 SYSTEMPATH\CodeIgniter.php(354): CodeIgniter\CodeIgniter->handleRequest(null, Object(Config\Cache), false)
 7 SYSTEMPATH\Boot.php(363): CodeIgniter\CodeIgniter->run()
 8 SYSTEMPATH\Boot.php(68): CodeIgniter\Boot::runCodeIgniter(Object(CodeIgniter\CodeIgniter))
 9 FCPATH\index.php(59): CodeIgniter\Boot::bootWeb(Object(Config\Paths))
CRITICAL - 2025-08-13 16:56:48 --> CodeIgniter\View\Exceptions\ViewException: Invalid file: "main/inicio.php"
[Method: GET, Route: menu]
in SYSTEMPATH\Exceptions\FrameworkException.php on line 39.
 1 SYSTEMPATH\View\View.php(214): CodeIgniter\Exceptions\FrameworkException::forInvalidFile('main/inicio.php')
 2 SYSTEMPATH\Common.php(1167): CodeIgniter\View\View->render('main/inicio', [], true)
 3 APPPATH\Controllers\MenuController.php(10): view('main/inicio')
 4 SYSTEMPATH\CodeIgniter.php(933): App\Controllers\MenuController->inicio()
 5 SYSTEMPATH\CodeIgniter.php(507): CodeIgniter\CodeIgniter->runController(Object(App\Controllers\MenuController))
 6 SYSTEMPATH\CodeIgniter.php(354): CodeIgniter\CodeIgniter->handleRequest(null, Object(Config\Cache), false)
 7 SYSTEMPATH\Boot.php(363): CodeIgniter\CodeIgniter->run()
 8 SYSTEMPATH\Boot.php(68): CodeIgniter\Boot::runCodeIgniter(Object(CodeIgniter\CodeIgniter))
 9 FCPATH\index.php(59): CodeIgniter\Boot::bootWeb(Object(Config\Paths))
CRITICAL - 2025-08-13 16:56:48 --> CodeIgniter\View\Exceptions\ViewException: Invalid file: "main/inicio.php"
[Method: GET, Route: menu]
in SYSTEMPATH\Exceptions\FrameworkException.php on line 39.
 1 SYSTEMPATH\View\View.php(214): CodeIgniter\Exceptions\FrameworkException::forInvalidFile('main/inicio.php')
 2 SYSTEMPATH\Common.php(1167): CodeIgniter\View\View->render('main/inicio', [], true)
 3 APPPATH\Controllers\MenuController.php(10): view('main/inicio')
 4 SYSTEMPATH\CodeIgniter.php(933): App\Controllers\MenuController->inicio()
 5 SYSTEMPATH\CodeIgniter.php(507): CodeIgniter\CodeIgniter->runController(Object(App\Controllers\MenuController))
 6 SYSTEMPATH\CodeIgniter.php(354): CodeIgniter\CodeIgniter->handleRequest(null, Object(Config\Cache), false)
 7 SYSTEMPATH\Boot.php(363): CodeIgniter\CodeIgniter->run()
 8 SYSTEMPATH\Boot.php(68): CodeIgniter\Boot::runCodeIgniter(Object(CodeIgniter\CodeIgniter))
 9 FCPATH\index.php(59): CodeIgniter\Boot::bootWeb(Object(Config\Paths))
CRITICAL - 2025-08-13 16:56:48 --> CodeIgniter\View\Exceptions\ViewException: Invalid file: "main/inicio.php"
[Method: GET, Route: menu]
in SYSTEMPATH\Exceptions\FrameworkException.php on line 39.
 1 SYSTEMPATH\View\View.php(214): CodeIgniter\Exceptions\FrameworkException::forInvalidFile('main/inicio.php')
 2 SYSTEMPATH\Common.php(1167): CodeIgniter\View\View->render('main/inicio', [], true)
 3 APPPATH\Controllers\MenuController.php(10): view('main/inicio')
 4 SYSTEMPATH\CodeIgniter.php(933): App\Controllers\MenuController->inicio()
 5 SYSTEMPATH\CodeIgniter.php(507): CodeIgniter\CodeIgniter->runController(Object(App\Controllers\MenuController))
 6 SYSTEMPATH\CodeIgniter.php(354): CodeIgniter\CodeIgniter->handleRequest(null, Object(Config\Cache), false)
 7 SYSTEMPATH\Boot.php(363): CodeIgniter\CodeIgniter->run()
 8 SYSTEMPATH\Boot.php(68): CodeIgniter\Boot::runCodeIgniter(Object(CodeIgniter\CodeIgniter))
 9 FCPATH\index.php(59): CodeIgniter\Boot::bootWeb(Object(Config\Paths))
CRITICAL - 2025-08-13 16:56:48 --> CodeIgniter\View\Exceptions\ViewException: Invalid file: "main/inicio.php"
[Method: GET, Route: menu]
in SYSTEMPATH\Exceptions\FrameworkException.php on line 39.
 1 SYSTEMPATH\View\View.php(214): CodeIgniter\Exceptions\FrameworkException::forInvalidFile('main/inicio.php')
 2 SYSTEMPATH\Common.php(1167): CodeIgniter\View\View->render('main/inicio', [], true)
 3 APPPATH\Controllers\MenuController.php(10): view('main/inicio')
 4 SYSTEMPATH\CodeIgniter.php(933): App\Controllers\MenuController->inicio()
 5 SYSTEMPATH\CodeIgniter.php(507): CodeIgniter\CodeIgniter->runController(Object(App\Controllers\MenuController))
 6 SYSTEMPATH\CodeIgniter.php(354): CodeIgniter\CodeIgniter->handleRequest(null, Object(Config\Cache), false)
 7 SYSTEMPATH\Boot.php(363): CodeIgniter\CodeIgniter->run()
 8 SYSTEMPATH\Boot.php(68): CodeIgniter\Boot::runCodeIgniter(Object(CodeIgniter\CodeIgniter))
 9 FCPATH\index.php(59): CodeIgniter\Boot::bootWeb(Object(Config\Paths))
CRITICAL - 2025-08-13 17:02:11 --> CodeIgniter\View\Exceptions\ViewException: Invalid file: "menu/inicio.php"
[Method: GET, Route: menu]
in SYSTEMPATH\Exceptions\FrameworkException.php on line 39.
 1 SYSTEMPATH\View\View.php(214): CodeIgniter\Exceptions\FrameworkException::forInvalidFile('menu/inicio.php')
 2 SYSTEMPATH\Common.php(1167): CodeIgniter\View\View->render('menu/inicio', [], true)
 3 APPPATH\Controllers\MenuController.php(9): view('menu/inicio')
 4 SYSTEMPATH\CodeIgniter.php(933): App\Controllers\MenuController->inicio()
 5 SYSTEMPATH\CodeIgniter.php(507): CodeIgniter\CodeIgniter->runController(Object(App\Controllers\MenuController))
 6 SYSTEMPATH\CodeIgniter.php(354): CodeIgniter\CodeIgniter->handleRequest(null, Object(Config\Cache), false)
 7 SYSTEMPATH\Boot.php(363): CodeIgniter\CodeIgniter->run()
 8 SYSTEMPATH\Boot.php(68): CodeIgniter\Boot::runCodeIgniter(Object(CodeIgniter\CodeIgniter))
 9 FCPATH\index.php(59): CodeIgniter\Boot::bootWeb(Object(Config\Paths))
CRITICAL - 2025-08-13 17:02:14 --> CodeIgniter\View\Exceptions\ViewException: Invalid file: "menu/inicio.php"
[Method: GET, Route: menu]
in SYSTEMPATH\Exceptions\FrameworkException.php on line 39.
 1 SYSTEMPATH\View\View.php(214): CodeIgniter\Exceptions\FrameworkException::forInvalidFile('menu/inicio.php')
 2 SYSTEMPATH\Common.php(1167): CodeIgniter\View\View->render('menu/inicio', [], true)
 3 APPPATH\Controllers\MenuController.php(9): view('menu/inicio')
 4 SYSTEMPATH\CodeIgniter.php(933): App\Controllers\MenuController->inicio()
 5 SYSTEMPATH\CodeIgniter.php(507): CodeIgniter\CodeIgniter->runController(Object(App\Controllers\MenuController))
 6 SYSTEMPATH\CodeIgniter.php(354): CodeIgniter\CodeIgniter->handleRequest(null, Object(Config\Cache), false)
 7 SYSTEMPATH\Boot.php(363): CodeIgniter\CodeIgniter->run()
 8 SYSTEMPATH\Boot.php(68): CodeIgniter\Boot::runCodeIgniter(Object(CodeIgniter\CodeIgniter))
 9 FCPATH\index.php(59): CodeIgniter\Boot::bootWeb(Object(Config\Paths))
CRITICAL - 2025-08-13 17:02:14 --> CodeIgniter\View\Exceptions\ViewException: Invalid file: "menu/inicio.php"
[Method: GET, Route: menu]
in SYSTEMPATH\Exceptions\FrameworkException.php on line 39.
 1 SYSTEMPATH\View\View.php(214): CodeIgniter\Exceptions\FrameworkException::forInvalidFile('menu/inicio.php')
 2 SYSTEMPATH\Common.php(1167): CodeIgniter\View\View->render('menu/inicio', [], true)
 3 APPPATH\Controllers\MenuController.php(9): view('menu/inicio')
 4 SYSTEMPATH\CodeIgniter.php(933): App\Controllers\MenuController->inicio()
 5 SYSTEMPATH\CodeIgniter.php(507): CodeIgniter\CodeIgniter->runController(Object(App\Controllers\MenuController))
 6 SYSTEMPATH\CodeIgniter.php(354): CodeIgniter\CodeIgniter->handleRequest(null, Object(Config\Cache), false)
 7 SYSTEMPATH\Boot.php(363): CodeIgniter\CodeIgniter->run()
 8 SYSTEMPATH\Boot.php(68): CodeIgniter\Boot::runCodeIgniter(Object(CodeIgniter\CodeIgniter))
 9 FCPATH\index.php(59): CodeIgniter\Boot::bootWeb(Object(Config\Paths))
CRITICAL - 2025-08-13 17:02:14 --> CodeIgniter\View\Exceptions\ViewException: Invalid file: "menu/inicio.php"
[Method: GET, Route: menu]
in SYSTEMPATH\Exceptions\FrameworkException.php on line 39.
 1 SYSTEMPATH\View\View.php(214): CodeIgniter\Exceptions\FrameworkException::forInvalidFile('menu/inicio.php')
 2 SYSTEMPATH\Common.php(1167): CodeIgniter\View\View->render('menu/inicio', [], true)
 3 APPPATH\Controllers\MenuController.php(9): view('menu/inicio')
 4 SYSTEMPATH\CodeIgniter.php(933): App\Controllers\MenuController->inicio()
 5 SYSTEMPATH\CodeIgniter.php(507): CodeIgniter\CodeIgniter->runController(Object(App\Controllers\MenuController))
 6 SYSTEMPATH\CodeIgniter.php(354): CodeIgniter\CodeIgniter->handleRequest(null, Object(Config\Cache), false)
 7 SYSTEMPATH\Boot.php(363): CodeIgniter\CodeIgniter->run()
 8 SYSTEMPATH\Boot.php(68): CodeIgniter\Boot::runCodeIgniter(Object(CodeIgniter\CodeIgniter))
 9 FCPATH\index.php(59): CodeIgniter\Boot::bootWeb(Object(Config\Paths))
CRITICAL - 2025-08-13 17:02:15 --> CodeIgniter\View\Exceptions\ViewException: Invalid file: "menu/inicio.php"
[Method: GET, Route: menu]
in SYSTEMPATH\Exceptions\FrameworkException.php on line 39.
 1 SYSTEMPATH\View\View.php(214): CodeIgniter\Exceptions\FrameworkException::forInvalidFile('menu/inicio.php')
 2 SYSTEMPATH\Common.php(1167): CodeIgniter\View\View->render('menu/inicio', [], true)
 3 APPPATH\Controllers\MenuController.php(9): view('menu/inicio')
 4 SYSTEMPATH\CodeIgniter.php(933): App\Controllers\MenuController->inicio()
 5 SYSTEMPATH\CodeIgniter.php(507): CodeIgniter\CodeIgniter->runController(Object(App\Controllers\MenuController))
 6 SYSTEMPATH\CodeIgniter.php(354): CodeIgniter\CodeIgniter->handleRequest(null, Object(Config\Cache), false)
 7 SYSTEMPATH\Boot.php(363): CodeIgniter\CodeIgniter->run()
 8 SYSTEMPATH\Boot.php(68): CodeIgniter\Boot::runCodeIgniter(Object(CodeIgniter\CodeIgniter))
 9 FCPATH\index.php(59): CodeIgniter\Boot::bootWeb(Object(Config\Paths))
CRITICAL - 2025-08-13 17:02:15 --> CodeIgniter\View\Exceptions\ViewException: Invalid file: "menu/inicio.php"
[Method: GET, Route: menu]
in SYSTEMPATH\Exceptions\FrameworkException.php on line 39.
 1 SYSTEMPATH\View\View.php(214): CodeIgniter\Exceptions\FrameworkException::forInvalidFile('menu/inicio.php')
 2 SYSTEMPATH\Common.php(1167): CodeIgniter\View\View->render('menu/inicio', [], true)
 3 APPPATH\Controllers\MenuController.php(9): view('menu/inicio')
 4 SYSTEMPATH\CodeIgniter.php(933): App\Controllers\MenuController->inicio()
 5 SYSTEMPATH\CodeIgniter.php(507): CodeIgniter\CodeIgniter->runController(Object(App\Controllers\MenuController))
 6 SYSTEMPATH\CodeIgniter.php(354): CodeIgniter\CodeIgniter->handleRequest(null, Object(Config\Cache), false)
 7 SYSTEMPATH\Boot.php(363): CodeIgniter\CodeIgniter->run()
 8 SYSTEMPATH\Boot.php(68): CodeIgniter\Boot::runCodeIgniter(Object(CodeIgniter\CodeIgniter))
 9 FCPATH\index.php(59): CodeIgniter\Boot::bootWeb(Object(Config\Paths))
CRITICAL - 2025-08-13 17:02:43 --> CodeIgniter\View\Exceptions\ViewException: Invalid file: "menu/inicio.php"
[Method: GET, Route: menu]
in SYSTEMPATH\Exceptions\FrameworkException.php on line 39.
 1 SYSTEMPATH\View\View.php(214): CodeIgniter\Exceptions\FrameworkException::forInvalidFile('menu/inicio.php')
 2 SYSTEMPATH\Common.php(1167): CodeIgniter\View\View->render('menu/inicio', [], true)
 3 APPPATH\Controllers\MenuController.php(9): view('menu/inicio')
 4 SYSTEMPATH\CodeIgniter.php(933): App\Controllers\MenuController->inicio()
 5 SYSTEMPATH\CodeIgniter.php(507): CodeIgniter\CodeIgniter->runController(Object(App\Controllers\MenuController))
 6 SYSTEMPATH\CodeIgniter.php(354): CodeIgniter\CodeIgniter->handleRequest(null, Object(Config\Cache), false)
 7 SYSTEMPATH\Boot.php(363): CodeIgniter\CodeIgniter->run()
 8 SYSTEMPATH\Boot.php(68): CodeIgniter\Boot::runCodeIgniter(Object(CodeIgniter\CodeIgniter))
 9 FCPATH\index.php(59): CodeIgniter\Boot::bootWeb(Object(Config\Paths))
CRITICAL - 2025-08-13 17:04:31 --> CodeIgniter\View\Exceptions\ViewException: Invalid file: "layouts/main.php"
[Method: GET, Route: menu]
in SYSTEMPATH\Exceptions\FrameworkException.php on line 39.
 1 SYSTEMPATH\View\View.php(214): CodeIgniter\Exceptions\FrameworkException::forInvalidFile('layouts/main.php')
 2 SYSTEMPATH\View\View.php(242): CodeIgniter\View\View->render('layouts/main', [], true)
 3 SYSTEMPATH\Common.php(1167): CodeIgniter\View\View->render('menu/inicio', [], true)
 4 APPPATH\Controllers\MenuController.php(9): view('menu/inicio')
 5 SYSTEMPATH\CodeIgniter.php(933): App\Controllers\MenuController->inicio()
 6 SYSTEMPATH\CodeIgniter.php(507): CodeIgniter\CodeIgniter->runController(Object(App\Controllers\MenuController))
 7 SYSTEMPATH\CodeIgniter.php(354): CodeIgniter\CodeIgniter->handleRequest(null, Object(Config\Cache), false)
 8 SYSTEMPATH\Boot.php(363): CodeIgniter\CodeIgniter->run()
 9 SYSTEMPATH\Boot.php(68): CodeIgniter\Boot::runCodeIgniter(Object(CodeIgniter\CodeIgniter))
10 FCPATH\index.php(59): CodeIgniter\Boot::bootWeb(Object(Config\Paths))
CRITICAL - 2025-08-13 17:04:33 --> CodeIgniter\View\Exceptions\ViewException: Invalid file: "layouts/main.php"
[Method: GET, Route: menu]
in SYSTEMPATH\Exceptions\FrameworkException.php on line 39.
 1 SYSTEMPATH\View\View.php(214): CodeIgniter\Exceptions\FrameworkException::forInvalidFile('layouts/main.php')
 2 SYSTEMPATH\View\View.php(242): CodeIgniter\View\View->render('layouts/main', [], true)
 3 SYSTEMPATH\Common.php(1167): CodeIgniter\View\View->render('menu/inicio', [], true)
 4 APPPATH\Controllers\MenuController.php(9): view('menu/inicio')
 5 SYSTEMPATH\CodeIgniter.php(933): App\Controllers\MenuController->inicio()
 6 SYSTEMPATH\CodeIgniter.php(507): CodeIgniter\CodeIgniter->runController(Object(App\Controllers\MenuController))
 7 SYSTEMPATH\CodeIgniter.php(354): CodeIgniter\CodeIgniter->handleRequest(null, Object(Config\Cache), false)
 8 SYSTEMPATH\Boot.php(363): CodeIgniter\CodeIgniter->run()
 9 SYSTEMPATH\Boot.php(68): CodeIgniter\Boot::runCodeIgniter(Object(CodeIgniter\CodeIgniter))
10 FCPATH\index.php(59): CodeIgniter\Boot::bootWeb(Object(Config\Paths))
